2020-08-20 17:01:23.879  INFO 15604 --- [main] c.e.d.SareetaApplication                 : Starting SareetaApplication on DESKTOP-3DLRV2K with PID 15604 (started by Arnald in C:\Users\Arnald\Desktop\ARNALD\KNOWLEDGE\PROJECTE MASTER\Udacity\Java Web Developer Nanodegree Program\COURSE_4\P04-eCommerce Application\starter_code)
2020-08-20 17:01:23.881  INFO 15604 --- [main] c.e.d.SareetaApplication                 : No active profile set, falling back to default profiles: default
2020-08-20 17:01:24.777  INFO 15604 --- [main] .s.d.r.c.RepositoryConfigurationDelegate : Bootstrapping Spring Data repositories in DEFAULT mode.
2020-08-20 17:01:24.880  INFO 15604 --- [main] .s.d.r.c.RepositoryConfigurationDelegate : Finished Spring Data repository scanning in 93ms. Found 4 repository interfaces.
2020-08-20 17:01:25.793  INFO 15604 --- [main] trationDelegate$BeanPostProcessorChecker : Bean 'org.springframework.transaction.annotation.ProxyTransactionManagementConfiguration' of type [org.springframework.transaction.annotation.ProxyTransactionManagementConfiguration$$EnhancerBySpringCGLIB$$56999ad5] is not eligible for getting processed by all BeanPostProcessors (for example: not eligible for auto-proxying)
2020-08-20 17:01:25.852  INFO 15604 --- [main] trationDelegate$BeanPostProcessorChecker : Bean 'org.springframework.security.config.annotation.configuration.ObjectPostProcessorConfiguration' of type [org.springframework.security.config.annotation.configuration.ObjectPostProcessorConfiguration$$EnhancerBySpringCGLIB$$ef47630f] is not eligible for getting processed by all BeanPostProcessors (for example: not eligible for auto-proxying)
2020-08-20 17:01:25.858  INFO 15604 --- [main] trationDelegate$BeanPostProcessorChecker : Bean 'objectPostProcessor' of type [org.springframework.security.config.annotation.configuration.AutowireBeanFactoryObjectPostProcessor] is not eligible for getting processed by all BeanPostProcessors (for example: not eligible for auto-proxying)
2020-08-20 17:01:25.860  INFO 15604 --- [main] trationDelegate$BeanPostProcessorChecker : Bean 'org.springframework.security.access.expression.method.DefaultMethodSecurityExpressionHandler@6944e53e' of type [org.springframework.security.access.expression.method.DefaultMethodSecurityExpressionHandler] is not eligible for getting processed by all BeanPostProcessors (for example: not eligible for auto-proxying)
2020-08-20 17:01:25.863  INFO 15604 --- [main] trationDelegate$BeanPostProcessorChecker : Bean 'org.springframework.security.config.annotation.method.configuration.GlobalMethodSecurityConfiguration' of type [org.springframework.security.config.annotation.method.configuration.GlobalMethodSecurityConfiguration$$EnhancerBySpringCGLIB$$141c05c1] is not eligible for getting processed by all BeanPostProcessors (for example: not eligible for auto-proxying)
2020-08-20 17:01:25.866  INFO 15604 --- [main] trationDelegate$BeanPostProcessorChecker : Bean 'methodSecurityMetadataSource' of type [org.springframework.security.access.method.DelegatingMethodSecurityMetadataSource] is not eligible for getting processed by all BeanPostProcessors (for example: not eligible for auto-proxying)
2020-08-20 17:01:26.700  INFO 15604 --- [main] o.s.b.w.e.t.TomcatWebServer              : Tomcat initialized with port(s): 8080 (http)
2020-08-20 17:01:26.783  INFO 15604 --- [main] o.a.c.c.StandardService                  : Starting service [Tomcat]
2020-08-20 17:01:26.784  INFO 15604 --- [main] o.a.c.c.StandardEngine                   : Starting Servlet engine: [Apache Tomcat/9.0.19]
2020-08-20 17:01:27.139  INFO 15604 --- [main] o.a.c.c.C.[.[.[/]                        : Initializing Spring embedded WebApplicationContext
2020-08-20 17:01:27.139  INFO 15604 --- [main] o.s.w.c.ContextLoader                    : Root WebApplicationContext: initialization completed in 3168 ms
2020-08-20 17:01:27.451  INFO 15604 --- [main] c.z.h.HikariDataSource                   : HikariPool-1 - Starting...
2020-08-20 17:01:27.668  INFO 15604 --- [main] c.z.h.HikariDataSource                   : HikariPool-1 - Start completed.
2020-08-20 17:01:27.747  INFO 15604 --- [main] o.h.j.i.u.LogHelper                      : HHH000204: Processing PersistenceUnitInfo [
	name: default
	...]
2020-08-20 17:01:27.854  INFO 15604 --- [main] o.h.Version                              : HHH000412: Hibernate Core {5.3.10.Final}
2020-08-20 17:01:27.857  INFO 15604 --- [main] o.h.c.Environment                        : HHH000206: hibernate.properties not found
2020-08-20 17:01:28.085  INFO 15604 --- [main] o.h.a.c.Version                          : HCANN000001: Hibernate Commons Annotations {5.0.4.Final}
2020-08-20 17:01:28.313  INFO 15604 --- [main] o.h.d.Dialect                            : HHH000400: Using dialect: org.hibernate.dialect.H2Dialect
2020-08-20 17:01:29.138  INFO 15604 --- [main] j.LocalContainerEntityManagerFactoryBean : Initialized JPA EntityManagerFactory for persistence unit 'default'
2020-08-20 17:01:30.020  WARN 15604 --- [main] aWebConfiguration$JpaWebMvcConfiguration : spring.jpa.open-in-view is enabled by default. Therefore, database queries may be performed during view rendering. Explicitly configure spring.jpa.open-in-view to disable this warning
2020-08-20 17:01:30.138  INFO 15604 --- [main] o.s.s.w.DefaultSecurityFilterChain       : Creating filter chain: any request, [org.springframework.security.web.context.request.async.WebAsyncManagerIntegrationFilter@263e512e, org.springframework.security.web.context.SecurityContextPersistenceFilter@2627335c, org.springframework.security.web.header.HeaderWriterFilter@688efeb2, org.springframework.web.filter.CorsFilter@62c42a3, org.springframework.security.web.authentication.logout.LogoutFilter@49b180c8, com.example.demo.security.JwtAuthenticationFilter@6a8bcb64, com.example.demo.security.JwtAuthorizationFilter@7c680fe1, org.springframework.security.web.savedrequest.RequestCacheAwareFilter@5b634e24, org.springframework.security.web.servletapi.SecurityContextHolderAwareRequestFilter@248b2091, org.springframework.security.web.authentication.AnonymousAuthenticationFilter@288b8663, org.springframework.security.web.session.SessionManagementFilter@131c5bd, org.springframework.security.web.access.ExceptionTranslationFilter@15c3849f, org.springframework.security.web.access.intercept.FilterSecurityInterceptor@2ba9ed19]
2020-08-20 17:01:30.305  INFO 15604 --- [main] o.s.s.c.ThreadPoolTaskExecutor           : Initializing ExecutorService 'applicationTaskExecutor'
2020-08-20 17:01:30.631  INFO 15604 --- [main] o.s.b.w.e.t.TomcatWebServer              : Tomcat started on port(s): 8080 (http) with context path ''
2020-08-20 17:01:30.634  INFO 15604 --- [main] c.e.d.SareetaApplication                 : Started SareetaApplication in 7.44 seconds (JVM running for 8.415)
2020-08-20 17:02:05.432  INFO 15604 --- [http-nio-8080-exec-2] o.a.c.c.C.[.[.[/]                        : Initializing Spring DispatcherServlet 'dispatcherServlet'
2020-08-20 17:02:05.433  INFO 15604 --- [http-nio-8080-exec-2] o.s.w.s.DispatcherServlet                : Initializing Servlet 'dispatcherServlet'
2020-08-20 17:02:05.441  INFO 15604 --- [http-nio-8080-exec-2] o.s.w.s.DispatcherServlet                : Completed initialization in 8 ms
2020-08-20 17:02:05.554  INFO 15604 --- [http-nio-8080-exec-2] c.e.d.c.UserController                   : Initialized user process creation for user test
2020-08-20 17:02:05.612 ERROR 15604 --- [http-nio-8080-exec-2] c.e.d.c.UserController                   : Error with user password. Impossible to create user test
2020-08-20 17:02:25.311  INFO 15604 --- [http-nio-8080-exec-3] c.e.d.c.UserController                   : Initialized user process creation for user test
2020-08-20 17:02:25.401  INFO 15604 --- [http-nio-8080-exec-3] c.e.d.c.UserController                   : User created successfully.
2020-08-20 17:02:33.617  INFO 15604 --- [http-nio-8080-exec-5] o.h.h.i.QueryTranslatorFactoryInitiator  : HHH000397: Using ASTQueryTranslatorFactory
2020-08-20 17:02:59.222  INFO 15604 --- [http-nio-8080-exec-4] c.e.d.c.UserController                   : Item added successfully to cart.
2020-08-20 17:03:49.424 ERROR 15604 --- [http-nio-8080-exec-8] c.e.d.c.UserController                   : Item not found in addToCart operation.
2020-08-20 17:04:05.085 ERROR 15604 --- [http-nio-8080-exec-9] c.e.d.c.UserController                   : Username not found.
2020-08-20 17:04:11.585  INFO 15604 --- [http-nio-8080-exec-10] c.e.d.c.UserController                   : Order submitted successfully
2020-08-20 17:04:20.895 ERROR 15604 --- [http-nio-8080-exec-1] c.e.d.c.UserController                   : History not found linked to this username.
2020-08-20 17:04:27.901  INFO 15604 --- [http-nio-8080-exec-2] c.e.d.c.UserController                   : Order history retrieved for: test
2020-08-20 21:20:38.018  INFO 23972 --- [main] c.e.d.SareetaApplication                 : Starting SareetaApplication on DESKTOP-3DLRV2K with PID 23972 (started by Arnald in C:\Users\Arnald\Desktop\ARNALD\KNOWLEDGE\PROJECTE MASTER\Udacity\Java Web Developer Nanodegree Program\COURSE_4\P04-eCommerce Application\PROJECT)
2020-08-20 21:20:38.020  INFO 23972 --- [main] c.e.d.SareetaApplication                 : No active profile set, falling back to default profiles: default
2020-08-20 21:20:39.749  INFO 23972 --- [main] .s.d.r.c.RepositoryConfigurationDelegate : Bootstrapping Spring Data repositories in DEFAULT mode.
2020-08-20 21:20:39.857  INFO 23972 --- [main] .s.d.r.c.RepositoryConfigurationDelegate : Finished Spring Data repository scanning in 98ms. Found 4 repository interfaces.
2020-08-20 21:20:41.211  INFO 23972 --- [main] trationDelegate$BeanPostProcessorChecker : Bean 'org.springframework.transaction.annotation.ProxyTransactionManagementConfiguration' of type [org.springframework.transaction.annotation.ProxyTransactionManagementConfiguration$$EnhancerBySpringCGLIB$$680aa759] is not eligible for getting processed by all BeanPostProcessors (for example: not eligible for auto-proxying)
2020-08-20 21:20:41.272  INFO 23972 --- [main] trationDelegate$BeanPostProcessorChecker : Bean 'org.springframework.security.config.annotation.configuration.ObjectPostProcessorConfiguration' of type [org.springframework.security.config.annotation.configuration.ObjectPostProcessorConfiguration$$EnhancerBySpringCGLIB$$b86f93] is not eligible for getting processed by all BeanPostProcessors (for example: not eligible for auto-proxying)
2020-08-20 21:20:41.283  INFO 23972 --- [main] trationDelegate$BeanPostProcessorChecker : Bean 'objectPostProcessor' of type [org.springframework.security.config.annotation.configuration.AutowireBeanFactoryObjectPostProcessor] is not eligible for getting processed by all BeanPostProcessors (for example: not eligible for auto-proxying)
2020-08-20 21:20:41.286  INFO 23972 --- [main] trationDelegate$BeanPostProcessorChecker : Bean 'org.springframework.security.access.expression.method.DefaultMethodSecurityExpressionHandler@78d6447a' of type [org.springframework.security.access.expression.method.DefaultMethodSecurityExpressionHandler] is not eligible for getting processed by all BeanPostProcessors (for example: not eligible for auto-proxying)
2020-08-20 21:20:41.291  INFO 23972 --- [main] trationDelegate$BeanPostProcessorChecker : Bean 'org.springframework.security.config.annotation.method.configuration.GlobalMethodSecurityConfiguration' of type [org.springframework.security.config.annotation.method.configuration.GlobalMethodSecurityConfiguration$$EnhancerBySpringCGLIB$$258d1245] is not eligible for getting processed by all BeanPostProcessors (for example: not eligible for auto-proxying)
2020-08-20 21:20:41.298  INFO 23972 --- [main] trationDelegate$BeanPostProcessorChecker : Bean 'methodSecurityMetadataSource' of type [org.springframework.security.access.method.DelegatingMethodSecurityMetadataSource] is not eligible for getting processed by all BeanPostProcessors (for example: not eligible for auto-proxying)
2020-08-20 21:20:42.056  INFO 23972 --- [main] o.s.b.w.e.t.TomcatWebServer              : Tomcat initialized with port(s): 8080 (http)
2020-08-20 21:20:42.116  INFO 23972 --- [main] o.a.c.c.StandardService                  : Starting service [Tomcat]
2020-08-20 21:20:42.117  INFO 23972 --- [main] o.a.c.c.StandardEngine                   : Starting Servlet engine: [Apache Tomcat/9.0.19]
2020-08-20 21:20:42.471  INFO 23972 --- [main] o.a.c.c.C.[.[.[/]                        : Initializing Spring embedded WebApplicationContext
2020-08-20 21:20:42.472  INFO 23972 --- [main] o.s.w.c.ContextLoader                    : Root WebApplicationContext: initialization completed in 4271 ms
2020-08-20 21:20:42.897  INFO 23972 --- [main] c.z.h.HikariDataSource                   : HikariPool-1 - Starting...
2020-08-20 21:20:43.239  INFO 23972 --- [main] c.z.h.HikariDataSource                   : HikariPool-1 - Start completed.
2020-08-20 21:20:43.359  INFO 23972 --- [main] o.h.j.i.u.LogHelper                      : HHH000204: Processing PersistenceUnitInfo [
	name: default
	...]
2020-08-20 21:20:43.571  INFO 23972 --- [main] o.h.Version                              : HHH000412: Hibernate Core {5.3.10.Final}
2020-08-20 21:20:43.575  INFO 23972 --- [main] o.h.c.Environment                        : HHH000206: hibernate.properties not found
2020-08-20 21:20:43.956  INFO 23972 --- [main] o.h.a.c.Version                          : HCANN000001: Hibernate Commons Annotations {5.0.4.Final}
2020-08-20 21:20:44.263  INFO 23972 --- [main] o.h.d.Dialect                            : HHH000400: Using dialect: org.hibernate.dialect.H2Dialect
2020-08-20 21:20:45.257  INFO 23972 --- [main] j.LocalContainerEntityManagerFactoryBean : Initialized JPA EntityManagerFactory for persistence unit 'default'
2020-08-20 21:20:46.405  WARN 23972 --- [main] aWebConfiguration$JpaWebMvcConfiguration : spring.jpa.open-in-view is enabled by default. Therefore, database queries may be performed during view rendering. Explicitly configure spring.jpa.open-in-view to disable this warning
2020-08-20 21:20:46.596  INFO 23972 --- [main] o.s.s.w.DefaultSecurityFilterChain       : Creating filter chain: any request, [org.springframework.security.web.context.request.async.WebAsyncManagerIntegrationFilter@16732340, org.springframework.security.web.context.SecurityContextPersistenceFilter@278150a1, org.springframework.security.web.header.HeaderWriterFilter@49b180c8, org.springframework.web.filter.CorsFilter@38e052b2, org.springframework.security.web.authentication.logout.LogoutFilter@69dc7b24, com.example.demo.security.JwtAuthenticationFilter@7fa68ff4, com.example.demo.security.JwtAuthorizationFilter@515fff35, org.springframework.security.web.savedrequest.RequestCacheAwareFilter@712e4b18, org.springframework.security.web.servletapi.SecurityContextHolderAwareRequestFilter@69d61a6f, org.springframework.security.web.authentication.AnonymousAuthenticationFilter@5eb9bf7d, org.springframework.security.web.session.SessionManagementFilter@6f740044, org.springframework.security.web.access.ExceptionTranslationFilter@39fb5ddf, org.springframework.security.web.access.intercept.FilterSecurityInterceptor@261099e1]
2020-08-20 21:20:46.845  INFO 23972 --- [main] o.s.s.c.ThreadPoolTaskExecutor           : Initializing ExecutorService 'applicationTaskExecutor'
2020-08-20 21:20:47.267  INFO 23972 --- [main] o.s.b.w.e.t.TomcatWebServer              : Tomcat started on port(s): 8080 (http) with context path ''
2020-08-20 21:20:47.272  INFO 23972 --- [main] c.e.d.SareetaApplication                 : Started SareetaApplication in 10.437 seconds (JVM running for 13.239)
2020-08-20 21:21:31.303  INFO 23972 --- [http-nio-8080-exec-2] o.a.c.c.C.[.[.[/]                        : Initializing Spring DispatcherServlet 'dispatcherServlet'
2020-08-20 21:21:31.303  INFO 23972 --- [http-nio-8080-exec-2] o.s.w.s.DispatcherServlet                : Initializing Servlet 'dispatcherServlet'
2020-08-20 21:21:31.318  INFO 23972 --- [http-nio-8080-exec-2] o.s.w.s.DispatcherServlet                : Completed initialization in 14 ms
2020-08-20 21:21:31.453  INFO 23972 --- [http-nio-8080-exec-2] c.e.d.c.UserController                   : Initialized user process creation for user test
2020-08-20 21:21:31.610  INFO 23972 --- [http-nio-8080-exec-2] c.e.d.c.UserController                   : User created successfully.
2020-08-20 21:21:48.954  INFO 23972 --- [http-nio-8080-exec-3] o.h.h.i.QueryTranslatorFactoryInitiator  : HHH000397: Using ASTQueryTranslatorFactory
2020-08-20 21:21:49.109  INFO 23972 --- [http-nio-8080-exec-3] c.e.d.c.UserController                   : Item added successfully to cart.
