2020-08-20 00:03:57.077  WARN 9100 --- [HikariPool-1 housekeeper] com.zaxxer.hikari.pool.HikariPool        : HikariPool-1 - Thread starvation or clock leap detected (housekeeper delta=3h39m54s831ms927µs100ns).
2020-08-20 01:30:10.990  INFO 11104 --- [main] com.example.demo.SareetaApplication      : Starting SareetaApplication on DESKTOP-3DLRV2K with PID 11104 (started by Arnald in C:\Users\Arnald\Desktop\ARNALD\KNOWLEDGE\PROJECTE MASTER\Udacity\Java Web Developer Nanodegree Program\COURSE_4\P04-eCommerce Application\starter_code)
2020-08-20 01:30:11.005  INFO 11104 --- [main] com.example.demo.SareetaApplication      : No active profile set, falling back to default profiles: default
2020-08-20 01:30:13.364  INFO 11104 --- [main] .s.d.r.c.RepositoryConfigurationDelegate : Bootstrapping Spring Data repositories in DEFAULT mode.
2020-08-20 01:30:13.529  INFO 11104 --- [main] .s.d.r.c.RepositoryConfigurationDelegate : Finished Spring Data repository scanning in 150ms. Found 4 repository interfaces.
2020-08-20 01:30:14.465  INFO 11104 --- [main] trationDelegate$BeanPostProcessorChecker : Bean 'org.springframework.transaction.annotation.ProxyTransactionManagementConfiguration' of type [org.springframework.transaction.annotation.ProxyTransactionManagementConfiguration$$EnhancerBySpringCGLIB$$15c1e635] is not eligible for getting processed by all BeanPostProcessors (for example: not eligible for auto-proxying)
2020-08-20 01:30:14.516  INFO 11104 --- [main] trationDelegate$BeanPostProcessorChecker : Bean 'org.springframework.security.config.annotation.configuration.ObjectPostProcessorConfiguration' of type [org.springframework.security.config.annotation.configuration.ObjectPostProcessorConfiguration$$EnhancerBySpringCGLIB$$ae6fae6f] is not eligible for getting processed by all BeanPostProcessors (for example: not eligible for auto-proxying)
2020-08-20 01:30:14.528  INFO 11104 --- [main] trationDelegate$BeanPostProcessorChecker : Bean 'objectPostProcessor' of type [org.springframework.security.config.annotation.configuration.AutowireBeanFactoryObjectPostProcessor] is not eligible for getting processed by all BeanPostProcessors (for example: not eligible for auto-proxying)
2020-08-20 01:30:14.532  INFO 11104 --- [main] trationDelegate$BeanPostProcessorChecker : Bean 'org.springframework.security.access.expression.method.DefaultMethodSecurityExpressionHandler@27d57a2c' of type [org.springframework.security.access.expression.method.DefaultMethodSecurityExpressionHandler] is not eligible for getting processed by all BeanPostProcessors (for example: not eligible for auto-proxying)
2020-08-20 01:30:14.537  INFO 11104 --- [main] trationDelegate$BeanPostProcessorChecker : Bean 'org.springframework.security.config.annotation.method.configuration.GlobalMethodSecurityConfiguration' of type [org.springframework.security.config.annotation.method.configuration.GlobalMethodSecurityConfiguration$$EnhancerBySpringCGLIB$$d3445121] is not eligible for getting processed by all BeanPostProcessors (for example: not eligible for auto-proxying)
2020-08-20 01:30:14.541  INFO 11104 --- [main] trationDelegate$BeanPostProcessorChecker : Bean 'methodSecurityMetadataSource' of type [org.springframework.security.access.method.DelegatingMethodSecurityMetadataSource] is not eligible for getting processed by all BeanPostProcessors (for example: not eligible for auto-proxying)
2020-08-20 01:30:15.215  INFO 11104 --- [main] o.s.b.w.embedded.tomcat.TomcatWebServer  : Tomcat initialized with port(s): 8080 (http)
2020-08-20 01:30:15.274  INFO 11104 --- [main] o.apache.catalina.core.StandardService   : Starting service [Tomcat]
2020-08-20 01:30:15.275  INFO 11104 --- [main] org.apache.catalina.core.StandardEngine  : Starting Servlet engine: [Apache Tomcat/9.0.19]
2020-08-20 01:30:15.589  INFO 11104 --- [main] o.a.c.c.C.[Tomcat].[localhost].[/]       : Initializing Spring embedded WebApplicationContext
2020-08-20 01:30:15.589  INFO 11104 --- [main] o.s.web.context.ContextLoader            : Root WebApplicationContext: initialization completed in 4416 ms
2020-08-20 01:30:15.986  INFO 11104 --- [main] com.zaxxer.hikari.HikariDataSource       : HikariPool-1 - Starting...
2020-08-20 01:30:16.249  INFO 11104 --- [main] com.zaxxer.hikari.HikariDataSource       : HikariPool-1 - Start completed.
2020-08-20 01:30:16.354  INFO 11104 --- [main] o.hibernate.jpa.internal.util.LogHelper  : HHH000204: Processing PersistenceUnitInfo [
	name: default
	...]
2020-08-20 01:30:16.486  INFO 11104 --- [main] org.hibernate.Version                    : HHH000412: Hibernate Core {5.3.10.Final}
2020-08-20 01:30:16.489  INFO 11104 --- [main] org.hibernate.cfg.Environment            : HHH000206: hibernate.properties not found
2020-08-20 01:30:16.745  INFO 11104 --- [main] o.hibernate.annotations.common.Version   : HCANN000001: Hibernate Commons Annotations {5.0.4.Final}
2020-08-20 01:30:17.046  INFO 11104 --- [main] org.hibernate.dialect.Dialect            : HHH000400: Using dialect: org.hibernate.dialect.H2Dialect
2020-08-20 01:30:17.977  INFO 11104 --- [main] j.LocalContainerEntityManagerFactoryBean : Initialized JPA EntityManagerFactory for persistence unit 'default'
2020-08-20 01:30:18.959  WARN 11104 --- [main] aWebConfiguration$JpaWebMvcConfiguration : spring.jpa.open-in-view is enabled by default. Therefore, database queries may be performed during view rendering. Explicitly configure spring.jpa.open-in-view to disable this warning
2020-08-20 01:30:19.091  INFO 11104 --- [main] o.s.s.web.DefaultSecurityFilterChain     : Creating filter chain: any request, [org.springframework.security.web.context.request.async.WebAsyncManagerIntegrationFilter@1abbc1d4, org.springframework.security.web.context.SecurityContextPersistenceFilter@11e3d08, org.springframework.security.web.header.HeaderWriterFilter@3ec62141, org.springframework.web.filter.CorsFilter@48bab2c6, org.springframework.security.web.authentication.logout.LogoutFilter@40edc64e, com.example.demo.security.JwtAuthenticationFilter@6ad26381, com.example.demo.security.JwtAuthorizationFilter@4b20aa21, org.springframework.security.web.savedrequest.RequestCacheAwareFilter@476a2819, org.springframework.security.web.servletapi.SecurityContextHolderAwareRequestFilter@7a51dc38, org.springframework.security.web.authentication.AnonymousAuthenticationFilter@f5167f0, org.springframework.security.web.session.SessionManagementFilter@7d43f1c9, org.springframework.security.web.access.ExceptionTranslationFilter@4b9ed99d, org.springframework.security.web.access.intercept.FilterSecurityInterceptor@2a19c36b]
2020-08-20 01:30:19.318  INFO 11104 --- [main] o.s.s.concurrent.ThreadPoolTaskExecutor  : Initializing ExecutorService 'applicationTaskExecutor'
2020-08-20 01:30:19.697 ERROR 11104 --- [main] org.apache.catalina.util.LifecycleBase   : Failed to start component [Connector[HTTP/1.1-8080]]

org.apache.catalina.LifecycleException: Protocol handler start failed
	at org.apache.catalina.connector.Connector.startInternal(Connector.java:1008) ~[tomcat-embed-core-9.0.19.jar:9.0.19]
	at org.apache.catalina.util.LifecycleBase.start(LifecycleBase.java:183) ~[tomcat-embed-core-9.0.19.jar:9.0.19]
	at org.apache.catalina.core.StandardService.addConnector(StandardService.java:226) ~[tomcat-embed-core-9.0.19.jar:9.0.19]
	at org.springframework.boot.web.embedded.tomcat.TomcatWebServer.addPreviouslyRemovedConnectors(TomcatWebServer.java:259) ~[spring-boot-2.1.5.RELEASE.jar:2.1.5.RELEASE]
	at org.springframework.boot.web.embedded.tomcat.TomcatWebServer.start(TomcatWebServer.java:197) ~[spring-boot-2.1.5.RELEASE.jar:2.1.5.RELEASE]
	at org.springframework.boot.web.servlet.context.ServletWebServerApplicationContext.startWebServer(ServletWebServerApplicationContext.java:311) ~[spring-boot-2.1.5.RELEASE.jar:2.1.5.RELEASE]
	at org.springframework.boot.web.servlet.context.ServletWebServerApplicationContext.finishRefresh(ServletWebServerApplicationContext.java:164) ~[spring-boot-2.1.5.RELEASE.jar:2.1.5.RELEASE]
	at org.springframework.context.support.AbstractApplicationContext.refresh(AbstractApplicationContext.java:552) ~[spring-context-5.1.7.RELEASE.jar:5.1.7.RELEASE]
	at org.springframework.boot.web.servlet.context.ServletWebServerApplicationContext.refresh(ServletWebServerApplicationContext.java:142) ~[spring-boot-2.1.5.RELEASE.jar:2.1.5.RELEASE]
	at org.springframework.boot.SpringApplication.refresh(SpringApplication.java:775) ~[spring-boot-2.1.5.RELEASE.jar:2.1.5.RELEASE]
	at org.springframework.boot.SpringApplication.refreshContext(SpringApplication.java:397) ~[spring-boot-2.1.5.RELEASE.jar:2.1.5.RELEASE]
	at org.springframework.boot.SpringApplication.run(SpringApplication.java:316) ~[spring-boot-2.1.5.RELEASE.jar:2.1.5.RELEASE]
	at org.springframework.boot.SpringApplication.run(SpringApplication.java:1260) ~[spring-boot-2.1.5.RELEASE.jar:2.1.5.RELEASE]
	at org.springframework.boot.SpringApplication.run(SpringApplication.java:1248) ~[spring-boot-2.1.5.RELEASE.jar:2.1.5.RELEASE]
	at com.example.demo.SareetaApplication.main(SareetaApplication.java:22) ~[classes/:na]
Caused by: java.net.BindException: Address already in use: bind
	at java.base/sun.nio.ch.Net.bind0(Native Method) ~[na:na]
	at java.base/sun.nio.ch.Net.bind(Net.java:479) ~[na:na]
	at java.base/sun.nio.ch.Net.bind(Net.java:468) ~[na:na]
	at java.base/sun.nio.ch.ServerSocketChannelImpl.bind(ServerSocketChannelImpl.java:220) ~[na:na]
	at java.base/sun.nio.ch.ServerSocketAdaptor.bind(ServerSocketAdaptor.java:88) ~[na:na]
	at org.apache.tomcat.util.net.NioEndpoint.initServerSocket(NioEndpoint.java:239) ~[tomcat-embed-core-9.0.19.jar:9.0.19]
	at org.apache.tomcat.util.net.NioEndpoint.bind(NioEndpoint.java:213) ~[tomcat-embed-core-9.0.19.jar:9.0.19]
	at org.apache.tomcat.util.net.AbstractEndpoint.bindWithCleanup(AbstractEndpoint.java:1116) ~[tomcat-embed-core-9.0.19.jar:9.0.19]
	at org.apache.tomcat.util.net.AbstractEndpoint.start(AbstractEndpoint.java:1202) ~[tomcat-embed-core-9.0.19.jar:9.0.19]
	at org.apache.coyote.AbstractProtocol.start(AbstractProtocol.java:568) ~[tomcat-embed-core-9.0.19.jar:9.0.19]
	at org.apache.catalina.connector.Connector.startInternal(Connector.java:1005) ~[tomcat-embed-core-9.0.19.jar:9.0.19]
	... 14 common frames omitted

2020-08-20 01:30:19.706  INFO 11104 --- [main] o.apache.catalina.core.StandardService   : Stopping service [Tomcat]
2020-08-20 01:30:19.720  INFO 11104 --- [main] ConditionEvaluationReportLoggingListener : 

Error starting ApplicationContext. To display the conditions report re-run your application with 'debug' enabled.
2020-08-20 01:30:19.724 ERROR 11104 --- [main] o.s.b.d.LoggingFailureAnalysisReporter   : 

***************************
APPLICATION FAILED TO START
***************************

Description:

The Tomcat connector configured to listen on port 8080 failed to start. The port may already be in use or the connector may be misconfigured.

Action:

Verify the connector's configuration, identify and stop any process that's listening on port 8080, or configure this application to listen on another port.

2020-08-20 01:30:19.729  INFO 11104 --- [main] o.s.s.concurrent.ThreadPoolTaskExecutor  : Shutting down ExecutorService 'applicationTaskExecutor'
2020-08-20 01:30:19.731  INFO 11104 --- [main] j.LocalContainerEntityManagerFactoryBean : Closing JPA EntityManagerFactory for persistence unit 'default'
2020-08-20 01:30:19.734  INFO 11104 --- [main] com.zaxxer.hikari.HikariDataSource       : HikariPool-1 - Shutdown initiated...
2020-08-20 01:30:19.738  INFO 11104 --- [main] com.zaxxer.hikari.HikariDataSource       : HikariPool-1 - Shutdown completed.
2020-08-20 01:36:54.339  INFO 29080 --- [main] com.example.demo.SareetaApplication      : Starting SareetaApplication on DESKTOP-3DLRV2K with PID 29080 (started by Arnald in C:\Users\Arnald\Desktop\ARNALD\KNOWLEDGE\PROJECTE MASTER\Udacity\Java Web Developer Nanodegree Program\COURSE_4\P04-eCommerce Application\starter_code)
2020-08-20 01:36:54.354  INFO 29080 --- [main] com.example.demo.SareetaApplication      : No active profile set, falling back to default profiles: default
2020-08-20 01:36:55.832  INFO 29080 --- [main] .s.d.r.c.RepositoryConfigurationDelegate : Bootstrapping Spring Data repositories in DEFAULT mode.
2020-08-20 01:36:55.914  INFO 29080 --- [main] .s.d.r.c.RepositoryConfigurationDelegate : Finished Spring Data repository scanning in 73ms. Found 4 repository interfaces.
2020-08-20 01:36:56.741  INFO 29080 --- [main] trationDelegate$BeanPostProcessorChecker : Bean 'org.springframework.transaction.annotation.ProxyTransactionManagementConfiguration' of type [org.springframework.transaction.annotation.ProxyTransactionManagementConfiguration$$EnhancerBySpringCGLIB$$fd367a1c] is not eligible for getting processed by all BeanPostProcessors (for example: not eligible for auto-proxying)
2020-08-20 01:36:56.778  INFO 29080 --- [main] trationDelegate$BeanPostProcessorChecker : Bean 'org.springframework.security.config.annotation.configuration.ObjectPostProcessorConfiguration' of type [org.springframework.security.config.annotation.configuration.ObjectPostProcessorConfiguration$$EnhancerBySpringCGLIB$$95e44256] is not eligible for getting processed by all BeanPostProcessors (for example: not eligible for auto-proxying)
2020-08-20 01:36:56.785  INFO 29080 --- [main] trationDelegate$BeanPostProcessorChecker : Bean 'objectPostProcessor' of type [org.springframework.security.config.annotation.configuration.AutowireBeanFactoryObjectPostProcessor] is not eligible for getting processed by all BeanPostProcessors (for example: not eligible for auto-proxying)
2020-08-20 01:36:56.787  INFO 29080 --- [main] trationDelegate$BeanPostProcessorChecker : Bean 'org.springframework.security.access.expression.method.DefaultMethodSecurityExpressionHandler@6a9950f1' of type [org.springframework.security.access.expression.method.DefaultMethodSecurityExpressionHandler] is not eligible for getting processed by all BeanPostProcessors (for example: not eligible for auto-proxying)
2020-08-20 01:36:56.789  INFO 29080 --- [main] trationDelegate$BeanPostProcessorChecker : Bean 'org.springframework.security.config.annotation.method.configuration.GlobalMethodSecurityConfiguration' of type [org.springframework.security.config.annotation.method.configuration.GlobalMethodSecurityConfiguration$$EnhancerBySpringCGLIB$$bab8e508] is not eligible for getting processed by all BeanPostProcessors (for example: not eligible for auto-proxying)
2020-08-20 01:36:56.793  INFO 29080 --- [main] trationDelegate$BeanPostProcessorChecker : Bean 'methodSecurityMetadataSource' of type [org.springframework.security.access.method.DelegatingMethodSecurityMetadataSource] is not eligible for getting processed by all BeanPostProcessors (for example: not eligible for auto-proxying)
2020-08-20 01:36:57.150  INFO 29080 --- [main] o.s.b.w.embedded.tomcat.TomcatWebServer  : Tomcat initialized with port(s): 8080 (http)
2020-08-20 01:36:57.191  INFO 29080 --- [main] o.apache.catalina.core.StandardService   : Starting service [Tomcat]
2020-08-20 01:36:57.192  INFO 29080 --- [main] org.apache.catalina.core.StandardEngine  : Starting Servlet engine: [Apache Tomcat/9.0.19]
2020-08-20 01:36:57.406  INFO 29080 --- [main] o.a.c.c.C.[Tomcat].[localhost].[/]       : Initializing Spring embedded WebApplicationContext
2020-08-20 01:36:57.407  INFO 29080 --- [main] o.s.web.context.ContextLoader            : Root WebApplicationContext: initialization completed in 2697 ms
2020-08-20 01:36:57.678  INFO 29080 --- [main] com.zaxxer.hikari.HikariDataSource       : HikariPool-1 - Starting...
2020-08-20 01:36:57.889  INFO 29080 --- [main] com.zaxxer.hikari.HikariDataSource       : HikariPool-1 - Start completed.
2020-08-20 01:36:57.960  INFO 29080 --- [main] o.hibernate.jpa.internal.util.LogHelper  : HHH000204: Processing PersistenceUnitInfo [
	name: default
	...]
2020-08-20 01:36:58.063  INFO 29080 --- [main] org.hibernate.Version                    : HHH000412: Hibernate Core {5.3.10.Final}
2020-08-20 01:36:58.065  INFO 29080 --- [main] org.hibernate.cfg.Environment            : HHH000206: hibernate.properties not found
2020-08-20 01:36:58.285  INFO 29080 --- [main] o.hibernate.annotations.common.Version   : HCANN000001: Hibernate Commons Annotations {5.0.4.Final}
2020-08-20 01:36:58.543  INFO 29080 --- [main] org.hibernate.dialect.Dialect            : HHH000400: Using dialect: org.hibernate.dialect.H2Dialect
2020-08-20 01:36:59.414  INFO 29080 --- [main] j.LocalContainerEntityManagerFactoryBean : Initialized JPA EntityManagerFactory for persistence unit 'default'
2020-08-20 01:37:00.320  WARN 29080 --- [main] aWebConfiguration$JpaWebMvcConfiguration : spring.jpa.open-in-view is enabled by default. Therefore, database queries may be performed during view rendering. Explicitly configure spring.jpa.open-in-view to disable this warning
2020-08-20 01:37:00.415  INFO 29080 --- [main] o.s.s.web.DefaultSecurityFilterChain     : Creating filter chain: any request, [org.springframework.security.web.context.request.async.WebAsyncManagerIntegrationFilter@49809275, org.springframework.security.web.context.SecurityContextPersistenceFilter@6bf77ee, org.springframework.security.web.header.HeaderWriterFilter@71f4aeb6, org.springframework.web.filter.CorsFilter@68b3979d, org.springframework.security.web.authentication.logout.LogoutFilter@7d43f1c9, com.example.demo.security.JwtAuthenticationFilter@5fd31df7, com.example.demo.security.JwtAuthorizationFilter@61d150af, org.springframework.security.web.savedrequest.RequestCacheAwareFilter@372841d2, org.springframework.security.web.servletapi.SecurityContextHolderAwareRequestFilter@7df5549e, org.springframework.security.web.authentication.AnonymousAuthenticationFilter@2c8f65da, org.springframework.security.web.session.SessionManagementFilter@96dfcbb, org.springframework.security.web.access.ExceptionTranslationFilter@19677add, org.springframework.security.web.access.intercept.FilterSecurityInterceptor@1c22642d]
2020-08-20 01:37:00.600  INFO 29080 --- [main] o.s.s.concurrent.ThreadPoolTaskExecutor  : Initializing ExecutorService 'applicationTaskExecutor'
2020-08-20 01:37:00.894 ERROR 29080 --- [main] org.apache.catalina.util.LifecycleBase   : Failed to start component [Connector[HTTP/1.1-8080]]

org.apache.catalina.LifecycleException: Protocol handler start failed
	at org.apache.catalina.connector.Connector.startInternal(Connector.java:1008) ~[tomcat-embed-core-9.0.19.jar:9.0.19]
	at org.apache.catalina.util.LifecycleBase.start(LifecycleBase.java:183) ~[tomcat-embed-core-9.0.19.jar:9.0.19]
	at org.apache.catalina.core.StandardService.addConnector(StandardService.java:226) ~[tomcat-embed-core-9.0.19.jar:9.0.19]
	at org.springframework.boot.web.embedded.tomcat.TomcatWebServer.addPreviouslyRemovedConnectors(TomcatWebServer.java:259) ~[spring-boot-2.1.5.RELEASE.jar:2.1.5.RELEASE]
	at org.springframework.boot.web.embedded.tomcat.TomcatWebServer.start(TomcatWebServer.java:197) ~[spring-boot-2.1.5.RELEASE.jar:2.1.5.RELEASE]
	at org.springframework.boot.web.servlet.context.ServletWebServerApplicationContext.startWebServer(ServletWebServerApplicationContext.java:311) ~[spring-boot-2.1.5.RELEASE.jar:2.1.5.RELEASE]
	at org.springframework.boot.web.servlet.context.ServletWebServerApplicationContext.finishRefresh(ServletWebServerApplicationContext.java:164) ~[spring-boot-2.1.5.RELEASE.jar:2.1.5.RELEASE]
	at org.springframework.context.support.AbstractApplicationContext.refresh(AbstractApplicationContext.java:552) ~[spring-context-5.1.7.RELEASE.jar:5.1.7.RELEASE]
	at org.springframework.boot.web.servlet.context.ServletWebServerApplicationContext.refresh(ServletWebServerApplicationContext.java:142) ~[spring-boot-2.1.5.RELEASE.jar:2.1.5.RELEASE]
	at org.springframework.boot.SpringApplication.refresh(SpringApplication.java:775) ~[spring-boot-2.1.5.RELEASE.jar:2.1.5.RELEASE]
	at org.springframework.boot.SpringApplication.refreshContext(SpringApplication.java:397) ~[spring-boot-2.1.5.RELEASE.jar:2.1.5.RELEASE]
	at org.springframework.boot.SpringApplication.run(SpringApplication.java:316) ~[spring-boot-2.1.5.RELEASE.jar:2.1.5.RELEASE]
	at org.springframework.boot.SpringApplication.run(SpringApplication.java:1260) ~[spring-boot-2.1.5.RELEASE.jar:2.1.5.RELEASE]
	at org.springframework.boot.SpringApplication.run(SpringApplication.java:1248) ~[spring-boot-2.1.5.RELEASE.jar:2.1.5.RELEASE]
	at com.example.demo.SareetaApplication.main(SareetaApplication.java:22) ~[classes/:na]
Caused by: java.net.BindException: Address already in use: bind
	at java.base/sun.nio.ch.Net.bind0(Native Method) ~[na:na]
	at java.base/sun.nio.ch.Net.bind(Net.java:479) ~[na:na]
	at java.base/sun.nio.ch.Net.bind(Net.java:468) ~[na:na]
	at java.base/sun.nio.ch.ServerSocketChannelImpl.bind(ServerSocketChannelImpl.java:220) ~[na:na]
	at java.base/sun.nio.ch.ServerSocketAdaptor.bind(ServerSocketAdaptor.java:88) ~[na:na]
	at org.apache.tomcat.util.net.NioEndpoint.initServerSocket(NioEndpoint.java:239) ~[tomcat-embed-core-9.0.19.jar:9.0.19]
	at org.apache.tomcat.util.net.NioEndpoint.bind(NioEndpoint.java:213) ~[tomcat-embed-core-9.0.19.jar:9.0.19]
	at org.apache.tomcat.util.net.AbstractEndpoint.bindWithCleanup(AbstractEndpoint.java:1116) ~[tomcat-embed-core-9.0.19.jar:9.0.19]
	at org.apache.tomcat.util.net.AbstractEndpoint.start(AbstractEndpoint.java:1202) ~[tomcat-embed-core-9.0.19.jar:9.0.19]
	at org.apache.coyote.AbstractProtocol.start(AbstractProtocol.java:568) ~[tomcat-embed-core-9.0.19.jar:9.0.19]
	at org.apache.catalina.connector.Connector.startInternal(Connector.java:1005) ~[tomcat-embed-core-9.0.19.jar:9.0.19]
	... 14 common frames omitted

2020-08-20 01:37:00.902  INFO 29080 --- [main] o.apache.catalina.core.StandardService   : Stopping service [Tomcat]
2020-08-20 01:37:00.912  INFO 29080 --- [main] ConditionEvaluationReportLoggingListener : 

Error starting ApplicationContext. To display the conditions report re-run your application with 'debug' enabled.
2020-08-20 01:37:00.914 ERROR 29080 --- [main] o.s.b.d.LoggingFailureAnalysisReporter   : 

***************************
APPLICATION FAILED TO START
***************************

Description:

The Tomcat connector configured to listen on port 8080 failed to start. The port may already be in use or the connector may be misconfigured.

Action:

Verify the connector's configuration, identify and stop any process that's listening on port 8080, or configure this application to listen on another port.

2020-08-20 01:37:00.918  INFO 29080 --- [main] o.s.s.concurrent.ThreadPoolTaskExecutor  : Shutting down ExecutorService 'applicationTaskExecutor'
2020-08-20 01:37:00.920  INFO 29080 --- [main] j.LocalContainerEntityManagerFactoryBean : Closing JPA EntityManagerFactory for persistence unit 'default'
2020-08-20 01:37:00.922  INFO 29080 --- [main] com.zaxxer.hikari.HikariDataSource       : HikariPool-1 - Shutdown initiated...
2020-08-20 01:37:00.924  INFO 29080 --- [main] com.zaxxer.hikari.HikariDataSource       : HikariPool-1 - Shutdown completed.
2020-08-20 01:37:20.187  INFO 26784 --- [main] com.example.demo.SareetaApplication      : Starting SareetaApplication on DESKTOP-3DLRV2K with PID 26784 (started by Arnald in C:\Users\Arnald\Desktop\ARNALD\KNOWLEDGE\PROJECTE MASTER\Udacity\Java Web Developer Nanodegree Program\COURSE_4\P04-eCommerce Application\starter_code)
2020-08-20 01:37:20.192  INFO 26784 --- [main] com.example.demo.SareetaApplication      : No active profile set, falling back to default profiles: default
2020-08-20 01:37:21.423  INFO 26784 --- [main] .s.d.r.c.RepositoryConfigurationDelegate : Bootstrapping Spring Data repositories in DEFAULT mode.
2020-08-20 01:37:21.534  INFO 26784 --- [main] .s.d.r.c.RepositoryConfigurationDelegate : Finished Spring Data repository scanning in 96ms. Found 4 repository interfaces.
2020-08-20 01:37:22.306  INFO 26784 --- [main] trationDelegate$BeanPostProcessorChecker : Bean 'org.springframework.transaction.annotation.ProxyTransactionManagementConfiguration' of type [org.springframework.transaction.annotation.ProxyTransactionManagementConfiguration$$EnhancerBySpringCGLIB$$5b9ad763] is not eligible for getting processed by all BeanPostProcessors (for example: not eligible for auto-proxying)
2020-08-20 01:37:22.352  INFO 26784 --- [main] trationDelegate$BeanPostProcessorChecker : Bean 'org.springframework.security.config.annotation.configuration.ObjectPostProcessorConfiguration' of type [org.springframework.security.config.annotation.configuration.ObjectPostProcessorConfiguration$$EnhancerBySpringCGLIB$$f4489f9d] is not eligible for getting processed by all BeanPostProcessors (for example: not eligible for auto-proxying)
2020-08-20 01:37:22.360  INFO 26784 --- [main] trationDelegate$BeanPostProcessorChecker : Bean 'objectPostProcessor' of type [org.springframework.security.config.annotation.configuration.AutowireBeanFactoryObjectPostProcessor] is not eligible for getting processed by all BeanPostProcessors (for example: not eligible for auto-proxying)
2020-08-20 01:37:22.363  INFO 26784 --- [main] trationDelegate$BeanPostProcessorChecker : Bean 'org.springframework.security.access.expression.method.DefaultMethodSecurityExpressionHandler@dca2615' of type [org.springframework.security.access.expression.method.DefaultMethodSecurityExpressionHandler] is not eligible for getting processed by all BeanPostProcessors (for example: not eligible for auto-proxying)
2020-08-20 01:37:22.367  INFO 26784 --- [main] trationDelegate$BeanPostProcessorChecker : Bean 'org.springframework.security.config.annotation.method.configuration.GlobalMethodSecurityConfiguration' of type [org.springframework.security.config.annotation.method.configuration.GlobalMethodSecurityConfiguration$$EnhancerBySpringCGLIB$$191d424f] is not eligible for getting processed by all BeanPostProcessors (for example: not eligible for auto-proxying)
2020-08-20 01:37:22.371  INFO 26784 --- [main] trationDelegate$BeanPostProcessorChecker : Bean 'methodSecurityMetadataSource' of type [org.springframework.security.access.method.DelegatingMethodSecurityMetadataSource] is not eligible for getting processed by all BeanPostProcessors (for example: not eligible for auto-proxying)
2020-08-20 01:37:22.788  INFO 26784 --- [main] o.s.b.w.embedded.tomcat.TomcatWebServer  : Tomcat initialized with port(s): 8080 (http)
2020-08-20 01:37:22.825  INFO 26784 --- [main] o.apache.catalina.core.StandardService   : Starting service [Tomcat]
2020-08-20 01:37:22.826  INFO 26784 --- [main] org.apache.catalina.core.StandardEngine  : Starting Servlet engine: [Apache Tomcat/9.0.19]
2020-08-20 01:37:23.047  INFO 26784 --- [main] o.a.c.c.C.[Tomcat].[localhost].[/]       : Initializing Spring embedded WebApplicationContext
2020-08-20 01:37:23.047  INFO 26784 --- [main] o.s.web.context.ContextLoader            : Root WebApplicationContext: initialization completed in 2778 ms
2020-08-20 01:37:23.323  INFO 26784 --- [main] com.zaxxer.hikari.HikariDataSource       : HikariPool-1 - Starting...
2020-08-20 01:37:23.534  INFO 26784 --- [main] com.zaxxer.hikari.HikariDataSource       : HikariPool-1 - Start completed.
2020-08-20 01:37:23.612  INFO 26784 --- [main] o.hibernate.jpa.internal.util.LogHelper  : HHH000204: Processing PersistenceUnitInfo [
	name: default
	...]
2020-08-20 01:37:23.703  INFO 26784 --- [main] org.hibernate.Version                    : HHH000412: Hibernate Core {5.3.10.Final}
2020-08-20 01:37:23.705  INFO 26784 --- [main] org.hibernate.cfg.Environment            : HHH000206: hibernate.properties not found
2020-08-20 01:37:23.878  INFO 26784 --- [main] o.hibernate.annotations.common.Version   : HCANN000001: Hibernate Commons Annotations {5.0.4.Final}
2020-08-20 01:37:24.047  INFO 26784 --- [main] org.hibernate.dialect.Dialect            : HHH000400: Using dialect: org.hibernate.dialect.H2Dialect
2020-08-20 01:37:24.943  INFO 26784 --- [main] j.LocalContainerEntityManagerFactoryBean : Initialized JPA EntityManagerFactory for persistence unit 'default'
2020-08-20 01:37:25.750  WARN 26784 --- [main] aWebConfiguration$JpaWebMvcConfiguration : spring.jpa.open-in-view is enabled by default. Therefore, database queries may be performed during view rendering. Explicitly configure spring.jpa.open-in-view to disable this warning
2020-08-20 01:37:25.850  INFO 26784 --- [main] o.s.s.web.DefaultSecurityFilterChain     : Creating filter chain: any request, [org.springframework.security.web.context.request.async.WebAsyncManagerIntegrationFilter@dd77e0d, org.springframework.security.web.context.SecurityContextPersistenceFilter@7341baa3, org.springframework.security.web.header.HeaderWriterFilter@aa794a3, org.springframework.web.filter.CorsFilter@799cf32d, org.springframework.security.web.authentication.logout.LogoutFilter@55665086, com.example.demo.security.JwtAuthenticationFilter@331ad6eb, com.example.demo.security.JwtAuthorizationFilter@6cd6698b, org.springframework.security.web.savedrequest.RequestCacheAwareFilter@626766fd, org.springframework.security.web.servletapi.SecurityContextHolderAwareRequestFilter@8e8ceb3, org.springframework.security.web.authentication.AnonymousAuthenticationFilter@5ac7550a, org.springframework.security.web.session.SessionManagementFilter@22cb8e5f, org.springframework.security.web.access.ExceptionTranslationFilter@2842ef02, org.springframework.security.web.access.intercept.FilterSecurityInterceptor@353422fd]
2020-08-20 01:37:26.025  INFO 26784 --- [main] o.s.s.concurrent.ThreadPoolTaskExecutor  : Initializing ExecutorService 'applicationTaskExecutor'
2020-08-20 01:37:26.261 ERROR 26784 --- [main] org.apache.catalina.util.LifecycleBase   : Failed to start component [Connector[HTTP/1.1-8080]]

org.apache.catalina.LifecycleException: Protocol handler start failed
	at org.apache.catalina.connector.Connector.startInternal(Connector.java:1008) ~[tomcat-embed-core-9.0.19.jar:9.0.19]
	at org.apache.catalina.util.LifecycleBase.start(LifecycleBase.java:183) ~[tomcat-embed-core-9.0.19.jar:9.0.19]
	at org.apache.catalina.core.StandardService.addConnector(StandardService.java:226) ~[tomcat-embed-core-9.0.19.jar:9.0.19]
	at org.springframework.boot.web.embedded.tomcat.TomcatWebServer.addPreviouslyRemovedConnectors(TomcatWebServer.java:259) ~[spring-boot-2.1.5.RELEASE.jar:2.1.5.RELEASE]
	at org.springframework.boot.web.embedded.tomcat.TomcatWebServer.start(TomcatWebServer.java:197) ~[spring-boot-2.1.5.RELEASE.jar:2.1.5.RELEASE]
	at org.springframework.boot.web.servlet.context.ServletWebServerApplicationContext.startWebServer(ServletWebServerApplicationContext.java:311) ~[spring-boot-2.1.5.RELEASE.jar:2.1.5.RELEASE]
	at org.springframework.boot.web.servlet.context.ServletWebServerApplicationContext.finishRefresh(ServletWebServerApplicationContext.java:164) ~[spring-boot-2.1.5.RELEASE.jar:2.1.5.RELEASE]
	at org.springframework.context.support.AbstractApplicationContext.refresh(AbstractApplicationContext.java:552) ~[spring-context-5.1.7.RELEASE.jar:5.1.7.RELEASE]
	at org.springframework.boot.web.servlet.context.ServletWebServerApplicationContext.refresh(ServletWebServerApplicationContext.java:142) ~[spring-boot-2.1.5.RELEASE.jar:2.1.5.RELEASE]
	at org.springframework.boot.SpringApplication.refresh(SpringApplication.java:775) ~[spring-boot-2.1.5.RELEASE.jar:2.1.5.RELEASE]
	at org.springframework.boot.SpringApplication.refreshContext(SpringApplication.java:397) ~[spring-boot-2.1.5.RELEASE.jar:2.1.5.RELEASE]
	at org.springframework.boot.SpringApplication.run(SpringApplication.java:316) ~[spring-boot-2.1.5.RELEASE.jar:2.1.5.RELEASE]
	at org.springframework.boot.SpringApplication.run(SpringApplication.java:1260) ~[spring-boot-2.1.5.RELEASE.jar:2.1.5.RELEASE]
	at org.springframework.boot.SpringApplication.run(SpringApplication.java:1248) ~[spring-boot-2.1.5.RELEASE.jar:2.1.5.RELEASE]
	at com.example.demo.SareetaApplication.main(SareetaApplication.java:22) ~[classes/:na]
Caused by: java.net.BindException: Address already in use: bind
	at java.base/sun.nio.ch.Net.bind0(Native Method) ~[na:na]
	at java.base/sun.nio.ch.Net.bind(Net.java:479) ~[na:na]
	at java.base/sun.nio.ch.Net.bind(Net.java:468) ~[na:na]
	at java.base/sun.nio.ch.ServerSocketChannelImpl.bind(ServerSocketChannelImpl.java:220) ~[na:na]
	at java.base/sun.nio.ch.ServerSocketAdaptor.bind(ServerSocketAdaptor.java:88) ~[na:na]
	at org.apache.tomcat.util.net.NioEndpoint.initServerSocket(NioEndpoint.java:239) ~[tomcat-embed-core-9.0.19.jar:9.0.19]
	at org.apache.tomcat.util.net.NioEndpoint.bind(NioEndpoint.java:213) ~[tomcat-embed-core-9.0.19.jar:9.0.19]
	at org.apache.tomcat.util.net.AbstractEndpoint.bindWithCleanup(AbstractEndpoint.java:1116) ~[tomcat-embed-core-9.0.19.jar:9.0.19]
	at org.apache.tomcat.util.net.AbstractEndpoint.start(AbstractEndpoint.java:1202) ~[tomcat-embed-core-9.0.19.jar:9.0.19]
	at org.apache.coyote.AbstractProtocol.start(AbstractProtocol.java:568) ~[tomcat-embed-core-9.0.19.jar:9.0.19]
	at org.apache.catalina.connector.Connector.startInternal(Connector.java:1005) ~[tomcat-embed-core-9.0.19.jar:9.0.19]
	... 14 common frames omitted

2020-08-20 01:37:26.267  INFO 26784 --- [main] o.apache.catalina.core.StandardService   : Stopping service [Tomcat]
2020-08-20 01:37:26.276  INFO 26784 --- [main] ConditionEvaluationReportLoggingListener : 

Error starting ApplicationContext. To display the conditions report re-run your application with 'debug' enabled.
2020-08-20 01:37:26.279 ERROR 26784 --- [main] o.s.b.d.LoggingFailureAnalysisReporter   : 

***************************
APPLICATION FAILED TO START
***************************

Description:

The Tomcat connector configured to listen on port 8080 failed to start. The port may already be in use or the connector may be misconfigured.

Action:

Verify the connector's configuration, identify and stop any process that's listening on port 8080, or configure this application to listen on another port.

2020-08-20 01:37:26.282  INFO 26784 --- [main] o.s.s.concurrent.ThreadPoolTaskExecutor  : Shutting down ExecutorService 'applicationTaskExecutor'
2020-08-20 01:37:26.284  INFO 26784 --- [main] j.LocalContainerEntityManagerFactoryBean : Closing JPA EntityManagerFactory for persistence unit 'default'
2020-08-20 01:37:26.286  INFO 26784 --- [main] com.zaxxer.hikari.HikariDataSource       : HikariPool-1 - Shutdown initiated...
2020-08-20 01:37:26.289  INFO 26784 --- [main] com.zaxxer.hikari.HikariDataSource       : HikariPool-1 - Shutdown completed.
2020-08-20 01:42:56.036  INFO 26692 --- [main] com.example.demo.SareetaApplication      : Starting SareetaApplication on DESKTOP-3DLRV2K with PID 26692 (started by Arnald in C:\Users\Arnald\Desktop\ARNALD\KNOWLEDGE\PROJECTE MASTER\Udacity\Java Web Developer Nanodegree Program\COURSE_4\P04-eCommerce Application\starter_code)
2020-08-20 01:42:56.045  INFO 26692 --- [main] com.example.demo.SareetaApplication      : No active profile set, falling back to default profiles: default
2020-08-20 01:42:57.720  INFO 26692 --- [main] .s.d.r.c.RepositoryConfigurationDelegate : Bootstrapping Spring Data repositories in DEFAULT mode.
2020-08-20 01:42:57.994  INFO 26692 --- [main] .s.d.r.c.RepositoryConfigurationDelegate : Finished Spring Data repository scanning in 233ms. Found 4 repository interfaces.
2020-08-20 01:42:59.387  INFO 26692 --- [main] trationDelegate$BeanPostProcessorChecker : Bean 'org.springframework.transaction.annotation.ProxyTransactionManagementConfiguration' of type [org.springframework.transaction.annotation.ProxyTransactionManagementConfiguration$$EnhancerBySpringCGLIB$$7c267930] is not eligible for getting processed by all BeanPostProcessors (for example: not eligible for auto-proxying)
2020-08-20 01:42:59.427  INFO 26692 --- [main] trationDelegate$BeanPostProcessorChecker : Bean 'org.springframework.security.config.annotation.configuration.ObjectPostProcessorConfiguration' of type [org.springframework.security.config.annotation.configuration.ObjectPostProcessorConfiguration$$EnhancerBySpringCGLIB$$14d4416a] is not eligible for getting processed by all BeanPostProcessors (for example: not eligible for auto-proxying)
2020-08-20 01:42:59.433  INFO 26692 --- [main] trationDelegate$BeanPostProcessorChecker : Bean 'objectPostProcessor' of type [org.springframework.security.config.annotation.configuration.AutowireBeanFactoryObjectPostProcessor] is not eligible for getting processed by all BeanPostProcessors (for example: not eligible for auto-proxying)
2020-08-20 01:42:59.435  INFO 26692 --- [main] trationDelegate$BeanPostProcessorChecker : Bean 'org.springframework.security.access.expression.method.DefaultMethodSecurityExpressionHandler@5177e388' of type [org.springframework.security.access.expression.method.DefaultMethodSecurityExpressionHandler] is not eligible for getting processed by all BeanPostProcessors (for example: not eligible for auto-proxying)
2020-08-20 01:42:59.437  INFO 26692 --- [main] trationDelegate$BeanPostProcessorChecker : Bean 'org.springframework.security.config.annotation.method.configuration.GlobalMethodSecurityConfiguration' of type [org.springframework.security.config.annotation.method.configuration.GlobalMethodSecurityConfiguration$$EnhancerBySpringCGLIB$$39a8e41c] is not eligible for getting processed by all BeanPostProcessors (for example: not eligible for auto-proxying)
2020-08-20 01:42:59.441  INFO 26692 --- [main] trationDelegate$BeanPostProcessorChecker : Bean 'methodSecurityMetadataSource' of type [org.springframework.security.access.method.DelegatingMethodSecurityMetadataSource] is not eligible for getting processed by all BeanPostProcessors (for example: not eligible for auto-proxying)
2020-08-20 01:42:59.809  INFO 26692 --- [main] o.s.b.w.embedded.tomcat.TomcatWebServer  : Tomcat initialized with port(s): 8080 (http)
2020-08-20 01:42:59.841  INFO 26692 --- [main] o.apache.catalina.core.StandardService   : Starting service [Tomcat]
2020-08-20 01:42:59.842  INFO 26692 --- [main] org.apache.catalina.core.StandardEngine  : Starting Servlet engine: [Apache Tomcat/9.0.19]
2020-08-20 01:43:00.029  INFO 26692 --- [main] o.a.c.c.C.[Tomcat].[localhost].[/]       : Initializing Spring embedded WebApplicationContext
2020-08-20 01:43:00.030  INFO 26692 --- [main] o.s.web.context.ContextLoader            : Root WebApplicationContext: initialization completed in 3839 ms
2020-08-20 01:43:00.284  INFO 26692 --- [main] com.zaxxer.hikari.HikariDataSource       : HikariPool-1 - Starting...
2020-08-20 01:43:00.534  INFO 26692 --- [main] com.zaxxer.hikari.HikariDataSource       : HikariPool-1 - Start completed.
2020-08-20 01:43:00.599  INFO 26692 --- [main] o.hibernate.jpa.internal.util.LogHelper  : HHH000204: Processing PersistenceUnitInfo [
	name: default
	...]
2020-08-20 01:43:00.707  INFO 26692 --- [main] org.hibernate.Version                    : HHH000412: Hibernate Core {5.3.10.Final}
2020-08-20 01:43:00.709  INFO 26692 --- [main] org.hibernate.cfg.Environment            : HHH000206: hibernate.properties not found
2020-08-20 01:43:00.921  INFO 26692 --- [main] o.hibernate.annotations.common.Version   : HCANN000001: Hibernate Commons Annotations {5.0.4.Final}
2020-08-20 01:43:01.110  INFO 26692 --- [main] org.hibernate.dialect.Dialect            : HHH000400: Using dialect: org.hibernate.dialect.H2Dialect
2020-08-20 01:43:02.126  INFO 26692 --- [main] j.LocalContainerEntityManagerFactoryBean : Initialized JPA EntityManagerFactory for persistence unit 'default'
2020-08-20 01:43:02.876  WARN 26692 --- [main] aWebConfiguration$JpaWebMvcConfiguration : spring.jpa.open-in-view is enabled by default. Therefore, database queries may be performed during view rendering. Explicitly configure spring.jpa.open-in-view to disable this warning
2020-08-20 01:43:02.963  INFO 26692 --- [main] o.s.s.web.DefaultSecurityFilterChain     : Creating filter chain: any request, [org.springframework.security.web.context.request.async.WebAsyncManagerIntegrationFilter@55574295, org.springframework.security.web.context.SecurityContextPersistenceFilter@4a14f7d7, org.springframework.security.web.header.HeaderWriterFilter@65b19e5c, org.springframework.web.filter.CorsFilter@750457a5, org.springframework.security.web.authentication.logout.LogoutFilter@65a2e14e, com.example.demo.security.JwtAuthenticationFilter@6c4786af, com.example.demo.security.JwtAuthorizationFilter@65c689e7, org.springframework.security.web.savedrequest.RequestCacheAwareFilter@15ce261, org.springframework.security.web.servletapi.SecurityContextHolderAwareRequestFilter@becb93a, org.springframework.security.web.authentication.AnonymousAuthenticationFilter@a6a2c20, org.springframework.security.web.session.SessionManagementFilter@55665086, org.springframework.security.web.access.ExceptionTranslationFilter@3980b44f, org.springframework.security.web.access.intercept.FilterSecurityInterceptor@3966c679]
2020-08-20 01:43:03.148  INFO 26692 --- [main] o.s.s.concurrent.ThreadPoolTaskExecutor  : Initializing ExecutorService 'applicationTaskExecutor'
2020-08-20 01:43:03.368 ERROR 26692 --- [main] org.apache.catalina.util.LifecycleBase   : Failed to start component [Connector[HTTP/1.1-8080]]

org.apache.catalina.LifecycleException: Protocol handler start failed
	at org.apache.catalina.connector.Connector.startInternal(Connector.java:1008) ~[tomcat-embed-core-9.0.19.jar:9.0.19]
	at org.apache.catalina.util.LifecycleBase.start(LifecycleBase.java:183) ~[tomcat-embed-core-9.0.19.jar:9.0.19]
	at org.apache.catalina.core.StandardService.addConnector(StandardService.java:226) ~[tomcat-embed-core-9.0.19.jar:9.0.19]
	at org.springframework.boot.web.embedded.tomcat.TomcatWebServer.addPreviouslyRemovedConnectors(TomcatWebServer.java:259) ~[spring-boot-2.1.5.RELEASE.jar:2.1.5.RELEASE]
	at org.springframework.boot.web.embedded.tomcat.TomcatWebServer.start(TomcatWebServer.java:197) ~[spring-boot-2.1.5.RELEASE.jar:2.1.5.RELEASE]
	at org.springframework.boot.web.servlet.context.ServletWebServerApplicationContext.startWebServer(ServletWebServerApplicationContext.java:311) ~[spring-boot-2.1.5.RELEASE.jar:2.1.5.RELEASE]
	at org.springframework.boot.web.servlet.context.ServletWebServerApplicationContext.finishRefresh(ServletWebServerApplicationContext.java:164) ~[spring-boot-2.1.5.RELEASE.jar:2.1.5.RELEASE]
	at org.springframework.context.support.AbstractApplicationContext.refresh(AbstractApplicationContext.java:552) ~[spring-context-5.1.7.RELEASE.jar:5.1.7.RELEASE]
	at org.springframework.boot.web.servlet.context.ServletWebServerApplicationContext.refresh(ServletWebServerApplicationContext.java:142) ~[spring-boot-2.1.5.RELEASE.jar:2.1.5.RELEASE]
	at org.springframework.boot.SpringApplication.refresh(SpringApplication.java:775) ~[spring-boot-2.1.5.RELEASE.jar:2.1.5.RELEASE]
	at org.springframework.boot.SpringApplication.refreshContext(SpringApplication.java:397) ~[spring-boot-2.1.5.RELEASE.jar:2.1.5.RELEASE]
	at org.springframework.boot.SpringApplication.run(SpringApplication.java:316) ~[spring-boot-2.1.5.RELEASE.jar:2.1.5.RELEASE]
	at org.springframework.boot.SpringApplication.run(SpringApplication.java:1260) ~[spring-boot-2.1.5.RELEASE.jar:2.1.5.RELEASE]
	at org.springframework.boot.SpringApplication.run(SpringApplication.java:1248) ~[spring-boot-2.1.5.RELEASE.jar:2.1.5.RELEASE]
	at com.example.demo.SareetaApplication.main(SareetaApplication.java:22) ~[classes/:na]
Caused by: java.net.BindException: Address already in use: bind
	at java.base/sun.nio.ch.Net.bind0(Native Method) ~[na:na]
	at java.base/sun.nio.ch.Net.bind(Net.java:479) ~[na:na]
	at java.base/sun.nio.ch.Net.bind(Net.java:468) ~[na:na]
	at java.base/sun.nio.ch.ServerSocketChannelImpl.bind(ServerSocketChannelImpl.java:220) ~[na:na]
	at java.base/sun.nio.ch.ServerSocketAdaptor.bind(ServerSocketAdaptor.java:88) ~[na:na]
	at org.apache.tomcat.util.net.NioEndpoint.initServerSocket(NioEndpoint.java:239) ~[tomcat-embed-core-9.0.19.jar:9.0.19]
	at org.apache.tomcat.util.net.NioEndpoint.bind(NioEndpoint.java:213) ~[tomcat-embed-core-9.0.19.jar:9.0.19]
	at org.apache.tomcat.util.net.AbstractEndpoint.bindWithCleanup(AbstractEndpoint.java:1116) ~[tomcat-embed-core-9.0.19.jar:9.0.19]
	at org.apache.tomcat.util.net.AbstractEndpoint.start(AbstractEndpoint.java:1202) ~[tomcat-embed-core-9.0.19.jar:9.0.19]
	at org.apache.coyote.AbstractProtocol.start(AbstractProtocol.java:568) ~[tomcat-embed-core-9.0.19.jar:9.0.19]
	at org.apache.catalina.connector.Connector.startInternal(Connector.java:1005) ~[tomcat-embed-core-9.0.19.jar:9.0.19]
	... 14 common frames omitted

2020-08-20 01:43:03.373  INFO 26692 --- [main] o.apache.catalina.core.StandardService   : Stopping service [Tomcat]
2020-08-20 01:43:03.380  INFO 26692 --- [main] ConditionEvaluationReportLoggingListener : 

Error starting ApplicationContext. To display the conditions report re-run your application with 'debug' enabled.
2020-08-20 01:43:03.383 ERROR 26692 --- [main] o.s.b.d.LoggingFailureAnalysisReporter   : 

***************************
APPLICATION FAILED TO START
***************************

Description:

The Tomcat connector configured to listen on port 8080 failed to start. The port may already be in use or the connector may be misconfigured.

Action:

Verify the connector's configuration, identify and stop any process that's listening on port 8080, or configure this application to listen on another port.

2020-08-20 01:43:03.386  INFO 26692 --- [main] o.s.s.concurrent.ThreadPoolTaskExecutor  : Shutting down ExecutorService 'applicationTaskExecutor'
2020-08-20 01:43:03.388  INFO 26692 --- [main] j.LocalContainerEntityManagerFactoryBean : Closing JPA EntityManagerFactory for persistence unit 'default'
2020-08-20 01:43:03.391  INFO 26692 --- [main] com.zaxxer.hikari.HikariDataSource       : HikariPool-1 - Shutdown initiated...
2020-08-20 01:43:03.394  INFO 26692 --- [main] com.zaxxer.hikari.HikariDataSource       : HikariPool-1 - Shutdown completed.
2020-08-20 01:45:33.365  INFO 27964 --- [main] com.example.demo.SareetaApplication      : Starting SareetaApplication on DESKTOP-3DLRV2K with PID 27964 (started by Arnald in C:\Users\Arnald\Desktop\ARNALD\KNOWLEDGE\PROJECTE MASTER\Udacity\Java Web Developer Nanodegree Program\COURSE_4\P04-eCommerce Application\starter_code)
2020-08-20 01:45:33.368  INFO 27964 --- [main] com.example.demo.SareetaApplication      : No active profile set, falling back to default profiles: default
2020-08-20 01:45:34.507  INFO 27964 --- [main] .s.d.r.c.RepositoryConfigurationDelegate : Bootstrapping Spring Data repositories in DEFAULT mode.
2020-08-20 01:45:34.617  INFO 27964 --- [main] .s.d.r.c.RepositoryConfigurationDelegate : Finished Spring Data repository scanning in 100ms. Found 4 repository interfaces.
2020-08-20 01:45:35.321  INFO 27964 --- [main] trationDelegate$BeanPostProcessorChecker : Bean 'org.springframework.transaction.annotation.ProxyTransactionManagementConfiguration' of type [org.springframework.transaction.annotation.ProxyTransactionManagementConfiguration$$EnhancerBySpringCGLIB$$532bf8fb] is not eligible for getting processed by all BeanPostProcessors (for example: not eligible for auto-proxying)
2020-08-20 01:45:35.364  INFO 27964 --- [main] trationDelegate$BeanPostProcessorChecker : Bean 'org.springframework.security.config.annotation.configuration.ObjectPostProcessorConfiguration' of type [org.springframework.security.config.annotation.configuration.ObjectPostProcessorConfiguration$$EnhancerBySpringCGLIB$$ebd9c135] is not eligible for getting processed by all BeanPostProcessors (for example: not eligible for auto-proxying)
2020-08-20 01:45:35.373  INFO 27964 --- [main] trationDelegate$BeanPostProcessorChecker : Bean 'objectPostProcessor' of type [org.springframework.security.config.annotation.configuration.AutowireBeanFactoryObjectPostProcessor] is not eligible for getting processed by all BeanPostProcessors (for example: not eligible for auto-proxying)
2020-08-20 01:45:35.376  INFO 27964 --- [main] trationDelegate$BeanPostProcessorChecker : Bean 'org.springframework.security.access.expression.method.DefaultMethodSecurityExpressionHandler@7ad54c55' of type [org.springframework.security.access.expression.method.DefaultMethodSecurityExpressionHandler] is not eligible for getting processed by all BeanPostProcessors (for example: not eligible for auto-proxying)
2020-08-20 01:45:35.380  INFO 27964 --- [main] trationDelegate$BeanPostProcessorChecker : Bean 'org.springframework.security.config.annotation.method.configuration.GlobalMethodSecurityConfiguration' of type [org.springframework.security.config.annotation.method.configuration.GlobalMethodSecurityConfiguration$$EnhancerBySpringCGLIB$$10ae63e7] is not eligible for getting processed by all BeanPostProcessors (for example: not eligible for auto-proxying)
2020-08-20 01:45:35.384  INFO 27964 --- [main] trationDelegate$BeanPostProcessorChecker : Bean 'methodSecurityMetadataSource' of type [org.springframework.security.access.method.DelegatingMethodSecurityMetadataSource] is not eligible for getting processed by all BeanPostProcessors (for example: not eligible for auto-proxying)
2020-08-20 01:45:35.790  INFO 27964 --- [main] o.s.b.w.embedded.tomcat.TomcatWebServer  : Tomcat initialized with port(s): 8080 (http)
2020-08-20 01:45:35.826  INFO 27964 --- [main] o.apache.catalina.core.StandardService   : Starting service [Tomcat]
2020-08-20 01:45:35.827  INFO 27964 --- [main] org.apache.catalina.core.StandardEngine  : Starting Servlet engine: [Apache Tomcat/9.0.19]
2020-08-20 01:45:36.028  INFO 27964 --- [main] o.a.c.c.C.[Tomcat].[localhost].[/]       : Initializing Spring embedded WebApplicationContext
2020-08-20 01:45:36.029  INFO 27964 --- [main] o.s.web.context.ContextLoader            : Root WebApplicationContext: initialization completed in 2595 ms
2020-08-20 01:45:36.269  INFO 27964 --- [main] com.zaxxer.hikari.HikariDataSource       : HikariPool-1 - Starting...
2020-08-20 01:45:36.542  INFO 27964 --- [main] com.zaxxer.hikari.HikariDataSource       : HikariPool-1 - Start completed.
2020-08-20 01:45:36.616  INFO 27964 --- [main] o.hibernate.jpa.internal.util.LogHelper  : HHH000204: Processing PersistenceUnitInfo [
	name: default
	...]
2020-08-20 01:45:36.700  INFO 27964 --- [main] org.hibernate.Version                    : HHH000412: Hibernate Core {5.3.10.Final}
2020-08-20 01:45:36.702  INFO 27964 --- [main] org.hibernate.cfg.Environment            : HHH000206: hibernate.properties not found
2020-08-20 01:45:36.892  INFO 27964 --- [main] o.hibernate.annotations.common.Version   : HCANN000001: Hibernate Commons Annotations {5.0.4.Final}
2020-08-20 01:45:37.045  INFO 27964 --- [main] org.hibernate.dialect.Dialect            : HHH000400: Using dialect: org.hibernate.dialect.H2Dialect
2020-08-20 01:45:37.932  INFO 27964 --- [main] j.LocalContainerEntityManagerFactoryBean : Initialized JPA EntityManagerFactory for persistence unit 'default'
2020-08-20 01:45:38.951  WARN 27964 --- [main] aWebConfiguration$JpaWebMvcConfiguration : spring.jpa.open-in-view is enabled by default. Therefore, database queries may be performed during view rendering. Explicitly configure spring.jpa.open-in-view to disable this warning
2020-08-20 01:45:39.039  INFO 27964 --- [main] o.s.s.web.DefaultSecurityFilterChain     : Creating filter chain: any request, [org.springframework.security.web.context.request.async.WebAsyncManagerIntegrationFilter@5bcfdaf3, org.springframework.security.web.context.SecurityContextPersistenceFilter@51c6e775, org.springframework.security.web.header.HeaderWriterFilter@1e592ef2, org.springframework.web.filter.CorsFilter@38347345, org.springframework.security.web.authentication.logout.LogoutFilter@eddc9bb, com.example.demo.security.JwtAuthenticationFilter@4b9b5da5, com.example.demo.security.JwtAuthorizationFilter@5ff29e8b, org.springframework.security.web.savedrequest.RequestCacheAwareFilter@6c8d638a, org.springframework.security.web.servletapi.SecurityContextHolderAwareRequestFilter@cbdc0f4, org.springframework.security.web.authentication.AnonymousAuthenticationFilter@7acfcfc4, org.springframework.security.web.session.SessionManagementFilter@34ede267, org.springframework.security.web.access.ExceptionTranslationFilter@446f3a53, org.springframework.security.web.access.intercept.FilterSecurityInterceptor@49809275]
2020-08-20 01:45:39.220  INFO 27964 --- [main] o.s.s.concurrent.ThreadPoolTaskExecutor  : Initializing ExecutorService 'applicationTaskExecutor'
2020-08-20 01:45:39.498 ERROR 27964 --- [main] org.apache.catalina.util.LifecycleBase   : Failed to start component [Connector[HTTP/1.1-8080]]

org.apache.catalina.LifecycleException: Protocol handler start failed
	at org.apache.catalina.connector.Connector.startInternal(Connector.java:1008) ~[tomcat-embed-core-9.0.19.jar:9.0.19]
	at org.apache.catalina.util.LifecycleBase.start(LifecycleBase.java:183) ~[tomcat-embed-core-9.0.19.jar:9.0.19]
	at org.apache.catalina.core.StandardService.addConnector(StandardService.java:226) ~[tomcat-embed-core-9.0.19.jar:9.0.19]
	at org.springframework.boot.web.embedded.tomcat.TomcatWebServer.addPreviouslyRemovedConnectors(TomcatWebServer.java:259) ~[spring-boot-2.1.5.RELEASE.jar:2.1.5.RELEASE]
	at org.springframework.boot.web.embedded.tomcat.TomcatWebServer.start(TomcatWebServer.java:197) ~[spring-boot-2.1.5.RELEASE.jar:2.1.5.RELEASE]
	at org.springframework.boot.web.servlet.context.ServletWebServerApplicationContext.startWebServer(ServletWebServerApplicationContext.java:311) ~[spring-boot-2.1.5.RELEASE.jar:2.1.5.RELEASE]
	at org.springframework.boot.web.servlet.context.ServletWebServerApplicationContext.finishRefresh(ServletWebServerApplicationContext.java:164) ~[spring-boot-2.1.5.RELEASE.jar:2.1.5.RELEASE]
	at org.springframework.context.support.AbstractApplicationContext.refresh(AbstractApplicationContext.java:552) ~[spring-context-5.1.7.RELEASE.jar:5.1.7.RELEASE]
	at org.springframework.boot.web.servlet.context.ServletWebServerApplicationContext.refresh(ServletWebServerApplicationContext.java:142) ~[spring-boot-2.1.5.RELEASE.jar:2.1.5.RELEASE]
	at org.springframework.boot.SpringApplication.refresh(SpringApplication.java:775) ~[spring-boot-2.1.5.RELEASE.jar:2.1.5.RELEASE]
	at org.springframework.boot.SpringApplication.refreshContext(SpringApplication.java:397) ~[spring-boot-2.1.5.RELEASE.jar:2.1.5.RELEASE]
	at org.springframework.boot.SpringApplication.run(SpringApplication.java:316) ~[spring-boot-2.1.5.RELEASE.jar:2.1.5.RELEASE]
	at org.springframework.boot.SpringApplication.run(SpringApplication.java:1260) ~[spring-boot-2.1.5.RELEASE.jar:2.1.5.RELEASE]
	at org.springframework.boot.SpringApplication.run(SpringApplication.java:1248) ~[spring-boot-2.1.5.RELEASE.jar:2.1.5.RELEASE]
	at com.example.demo.SareetaApplication.main(SareetaApplication.java:22) ~[classes/:na]
Caused by: java.net.BindException: Address already in use: bind
	at java.base/sun.nio.ch.Net.bind0(Native Method) ~[na:na]
	at java.base/sun.nio.ch.Net.bind(Net.java:479) ~[na:na]
	at java.base/sun.nio.ch.Net.bind(Net.java:468) ~[na:na]
	at java.base/sun.nio.ch.ServerSocketChannelImpl.bind(ServerSocketChannelImpl.java:220) ~[na:na]
	at java.base/sun.nio.ch.ServerSocketAdaptor.bind(ServerSocketAdaptor.java:88) ~[na:na]
	at org.apache.tomcat.util.net.NioEndpoint.initServerSocket(NioEndpoint.java:239) ~[tomcat-embed-core-9.0.19.jar:9.0.19]
	at org.apache.tomcat.util.net.NioEndpoint.bind(NioEndpoint.java:213) ~[tomcat-embed-core-9.0.19.jar:9.0.19]
	at org.apache.tomcat.util.net.AbstractEndpoint.bindWithCleanup(AbstractEndpoint.java:1116) ~[tomcat-embed-core-9.0.19.jar:9.0.19]
	at org.apache.tomcat.util.net.AbstractEndpoint.start(AbstractEndpoint.java:1202) ~[tomcat-embed-core-9.0.19.jar:9.0.19]
	at org.apache.coyote.AbstractProtocol.start(AbstractProtocol.java:568) ~[tomcat-embed-core-9.0.19.jar:9.0.19]
	at org.apache.catalina.connector.Connector.startInternal(Connector.java:1005) ~[tomcat-embed-core-9.0.19.jar:9.0.19]
	... 14 common frames omitted

2020-08-20 01:45:39.506  INFO 27964 --- [main] o.apache.catalina.core.StandardService   : Stopping service [Tomcat]
2020-08-20 01:45:39.516  INFO 27964 --- [main] ConditionEvaluationReportLoggingListener : 

Error starting ApplicationContext. To display the conditions report re-run your application with 'debug' enabled.
2020-08-20 01:45:39.519 ERROR 27964 --- [main] o.s.b.d.LoggingFailureAnalysisReporter   : 

***************************
APPLICATION FAILED TO START
***************************

Description:

The Tomcat connector configured to listen on port 8080 failed to start. The port may already be in use or the connector may be misconfigured.

Action:

Verify the connector's configuration, identify and stop any process that's listening on port 8080, or configure this application to listen on another port.

2020-08-20 01:45:39.523  INFO 27964 --- [main] o.s.s.concurrent.ThreadPoolTaskExecutor  : Shutting down ExecutorService 'applicationTaskExecutor'
2020-08-20 01:45:39.525  INFO 27964 --- [main] j.LocalContainerEntityManagerFactoryBean : Closing JPA EntityManagerFactory for persistence unit 'default'
2020-08-20 01:45:39.528  INFO 27964 --- [main] com.zaxxer.hikari.HikariDataSource       : HikariPool-1 - Shutdown initiated...
2020-08-20 01:45:39.531  INFO 27964 --- [main] com.zaxxer.hikari.HikariDataSource       : HikariPool-1 - Shutdown completed.
2020-08-20 01:49:15.254  INFO 7620 --- [main] com.example.demo.SareetaApplication      : Starting SareetaApplication on DESKTOP-3DLRV2K with PID 7620 (started by Arnald in C:\Users\Arnald\Desktop\ARNALD\KNOWLEDGE\PROJECTE MASTER\Udacity\Java Web Developer Nanodegree Program\COURSE_4\P04-eCommerce Application\starter_code)
2020-08-20 01:49:15.261  INFO 7620 --- [main] com.example.demo.SareetaApplication      : No active profile set, falling back to default profiles: default
2020-08-20 01:49:16.483  INFO 7620 --- [main] .s.d.r.c.RepositoryConfigurationDelegate : Bootstrapping Spring Data repositories in DEFAULT mode.
2020-08-20 01:49:16.631  INFO 7620 --- [main] .s.d.r.c.RepositoryConfigurationDelegate : Finished Spring Data repository scanning in 126ms. Found 4 repository interfaces.
2020-08-20 01:49:17.498  INFO 7620 --- [main] trationDelegate$BeanPostProcessorChecker : Bean 'org.springframework.transaction.annotation.ProxyTransactionManagementConfiguration' of type [org.springframework.transaction.annotation.ProxyTransactionManagementConfiguration$$EnhancerBySpringCGLIB$$5e0605ef] is not eligible for getting processed by all BeanPostProcessors (for example: not eligible for auto-proxying)
2020-08-20 01:49:17.541  INFO 7620 --- [main] trationDelegate$BeanPostProcessorChecker : Bean 'org.springframework.security.config.annotation.configuration.ObjectPostProcessorConfiguration' of type [org.springframework.security.config.annotation.configuration.ObjectPostProcessorConfiguration$$EnhancerBySpringCGLIB$$f6b3ce29] is not eligible for getting processed by all BeanPostProcessors (for example: not eligible for auto-proxying)
2020-08-20 01:49:17.550  INFO 7620 --- [main] trationDelegate$BeanPostProcessorChecker : Bean 'objectPostProcessor' of type [org.springframework.security.config.annotation.configuration.AutowireBeanFactoryObjectPostProcessor] is not eligible for getting processed by all BeanPostProcessors (for example: not eligible for auto-proxying)
2020-08-20 01:49:17.552  INFO 7620 --- [main] trationDelegate$BeanPostProcessorChecker : Bean 'org.springframework.security.access.expression.method.DefaultMethodSecurityExpressionHandler@2ff95fc6' of type [org.springframework.security.access.expression.method.DefaultMethodSecurityExpressionHandler] is not eligible for getting processed by all BeanPostProcessors (for example: not eligible for auto-proxying)
2020-08-20 01:49:17.556  INFO 7620 --- [main] trationDelegate$BeanPostProcessorChecker : Bean 'org.springframework.security.config.annotation.method.configuration.GlobalMethodSecurityConfiguration' of type [org.springframework.security.config.annotation.method.configuration.GlobalMethodSecurityConfiguration$$EnhancerBySpringCGLIB$$1b8870db] is not eligible for getting processed by all BeanPostProcessors (for example: not eligible for auto-proxying)
2020-08-20 01:49:17.560  INFO 7620 --- [main] trationDelegate$BeanPostProcessorChecker : Bean 'methodSecurityMetadataSource' of type [org.springframework.security.access.method.DelegatingMethodSecurityMetadataSource] is not eligible for getting processed by all BeanPostProcessors (for example: not eligible for auto-proxying)
2020-08-20 01:49:18.068  INFO 7620 --- [main] o.s.b.w.embedded.tomcat.TomcatWebServer  : Tomcat initialized with port(s): 8080 (http)
2020-08-20 01:49:18.119  INFO 7620 --- [main] o.apache.catalina.core.StandardService   : Starting service [Tomcat]
2020-08-20 01:49:18.120  INFO 7620 --- [main] org.apache.catalina.core.StandardEngine  : Starting Servlet engine: [Apache Tomcat/9.0.19]
2020-08-20 01:49:18.331  INFO 7620 --- [main] o.a.c.c.C.[Tomcat].[localhost].[/]       : Initializing Spring embedded WebApplicationContext
2020-08-20 01:49:18.331  INFO 7620 --- [main] o.s.web.context.ContextLoader            : Root WebApplicationContext: initialization completed in 2954 ms
2020-08-20 01:49:18.602  INFO 7620 --- [main] com.zaxxer.hikari.HikariDataSource       : HikariPool-1 - Starting...
2020-08-20 01:49:18.858  INFO 7620 --- [main] com.zaxxer.hikari.HikariDataSource       : HikariPool-1 - Start completed.
2020-08-20 01:49:18.934  INFO 7620 --- [main] o.hibernate.jpa.internal.util.LogHelper  : HHH000204: Processing PersistenceUnitInfo [
	name: default
	...]
2020-08-20 01:49:19.089  INFO 7620 --- [main] org.hibernate.Version                    : HHH000412: Hibernate Core {5.3.10.Final}
2020-08-20 01:49:19.091  INFO 7620 --- [main] org.hibernate.cfg.Environment            : HHH000206: hibernate.properties not found
2020-08-20 01:49:19.321  INFO 7620 --- [main] o.hibernate.annotations.common.Version   : HCANN000001: Hibernate Commons Annotations {5.0.4.Final}
2020-08-20 01:49:19.505  INFO 7620 --- [main] org.hibernate.dialect.Dialect            : HHH000400: Using dialect: org.hibernate.dialect.H2Dialect
2020-08-20 01:49:20.494  INFO 7620 --- [main] j.LocalContainerEntityManagerFactoryBean : Initialized JPA EntityManagerFactory for persistence unit 'default'
2020-08-20 01:49:21.340  WARN 7620 --- [main] aWebConfiguration$JpaWebMvcConfiguration : spring.jpa.open-in-view is enabled by default. Therefore, database queries may be performed during view rendering. Explicitly configure spring.jpa.open-in-view to disable this warning
2020-08-20 01:49:21.448  INFO 7620 --- [main] o.s.s.web.DefaultSecurityFilterChain     : Creating filter chain: any request, [org.springframework.security.web.context.request.async.WebAsyncManagerIntegrationFilter@351be56b, org.springframework.security.web.context.SecurityContextPersistenceFilter@2842ef02, org.springframework.security.web.header.HeaderWriterFilter@a926db4, org.springframework.web.filter.CorsFilter@212c0aff, org.springframework.security.web.authentication.logout.LogoutFilter@4c614d8c, com.example.demo.security.JwtAuthenticationFilter@21780905, com.example.demo.security.JwtAuthorizationFilter@47666b39, org.springframework.security.web.savedrequest.RequestCacheAwareFilter@aa794a3, org.springframework.security.web.servletapi.SecurityContextHolderAwareRequestFilter@70f5f57d, org.springframework.security.web.authentication.AnonymousAuthenticationFilter@2dbcee03, org.springframework.security.web.session.SessionManagementFilter@7a51dc38, org.springframework.security.web.access.ExceptionTranslationFilter@4eacb6d1, org.springframework.security.web.access.intercept.FilterSecurityInterceptor@4b20aa21]
2020-08-20 01:49:21.623  INFO 7620 --- [main] o.s.s.concurrent.ThreadPoolTaskExecutor  : Initializing ExecutorService 'applicationTaskExecutor'
2020-08-20 01:49:21.926  INFO 7620 --- [main] o.s.b.w.embedded.tomcat.TomcatWebServer  : Tomcat started on port(s): 8080 (http) with context path ''
2020-08-20 01:49:21.930  INFO 7620 --- [main] com.example.demo.SareetaApplication      : Started SareetaApplication in 7.34 seconds (JVM running for 8.126)
2020-08-20 10:59:53.998  INFO 22620 --- [main] com.example.demo.SareetaApplication      : Starting SareetaApplication on DESKTOP-3DLRV2K with PID 22620 (started by Arnald in C:\Users\Arnald\Desktop\ARNALD\KNOWLEDGE\PROJECTE MASTER\Udacity\Java Web Developer Nanodegree Program\COURSE_4\P04-eCommerce Application\starter_code)
2020-08-20 10:59:54.005  INFO 22620 --- [main] com.example.demo.SareetaApplication      : No active profile set, falling back to default profiles: default
2020-08-20 10:59:56.038  INFO 22620 --- [main] .s.d.r.c.RepositoryConfigurationDelegate : Bootstrapping Spring Data repositories in DEFAULT mode.
2020-08-20 10:59:56.187  INFO 22620 --- [main] .s.d.r.c.RepositoryConfigurationDelegate : Finished Spring Data repository scanning in 133ms. Found 4 repository interfaces.
2020-08-20 10:59:57.394  INFO 22620 --- [main] trationDelegate$BeanPostProcessorChecker : Bean 'org.springframework.transaction.annotation.ProxyTransactionManagementConfiguration' of type [org.springframework.transaction.annotation.ProxyTransactionManagementConfiguration$$EnhancerBySpringCGLIB$$43936e76] is not eligible for getting processed by all BeanPostProcessors (for example: not eligible for auto-proxying)
2020-08-20 10:59:57.456  INFO 22620 --- [main] trationDelegate$BeanPostProcessorChecker : Bean 'org.springframework.security.config.annotation.configuration.ObjectPostProcessorConfiguration' of type [org.springframework.security.config.annotation.configuration.ObjectPostProcessorConfiguration$$EnhancerBySpringCGLIB$$dc4136b0] is not eligible for getting processed by all BeanPostProcessors (for example: not eligible for auto-proxying)
2020-08-20 10:59:57.464  INFO 22620 --- [main] trationDelegate$BeanPostProcessorChecker : Bean 'objectPostProcessor' of type [org.springframework.security.config.annotation.configuration.AutowireBeanFactoryObjectPostProcessor] is not eligible for getting processed by all BeanPostProcessors (for example: not eligible for auto-proxying)
2020-08-20 10:59:57.467  INFO 22620 --- [main] trationDelegate$BeanPostProcessorChecker : Bean 'org.springframework.security.access.expression.method.DefaultMethodSecurityExpressionHandler@7b3315a5' of type [org.springframework.security.access.expression.method.DefaultMethodSecurityExpressionHandler] is not eligible for getting processed by all BeanPostProcessors (for example: not eligible for auto-proxying)
2020-08-20 10:59:57.470  INFO 22620 --- [main] trationDelegate$BeanPostProcessorChecker : Bean 'org.springframework.security.config.annotation.method.configuration.GlobalMethodSecurityConfiguration' of type [org.springframework.security.config.annotation.method.configuration.GlobalMethodSecurityConfiguration$$EnhancerBySpringCGLIB$$115d962] is not eligible for getting processed by all BeanPostProcessors (for example: not eligible for auto-proxying)
2020-08-20 10:59:57.477  INFO 22620 --- [main] trationDelegate$BeanPostProcessorChecker : Bean 'methodSecurityMetadataSource' of type [org.springframework.security.access.method.DelegatingMethodSecurityMetadataSource] is not eligible for getting processed by all BeanPostProcessors (for example: not eligible for auto-proxying)
2020-08-20 10:59:58.179  INFO 22620 --- [main] o.s.b.w.embedded.tomcat.TomcatWebServer  : Tomcat initialized with port(s): 8085 (http)
2020-08-20 10:59:58.245  INFO 22620 --- [main] o.apache.catalina.core.StandardService   : Starting service [Tomcat]
2020-08-20 10:59:58.247  INFO 22620 --- [main] org.apache.catalina.core.StandardEngine  : Starting Servlet engine: [Apache Tomcat/9.0.19]
2020-08-20 10:59:58.622  INFO 22620 --- [main] o.a.c.c.C.[Tomcat].[localhost].[/]       : Initializing Spring embedded WebApplicationContext
2020-08-20 10:59:58.623  INFO 22620 --- [main] o.s.web.context.ContextLoader            : Root WebApplicationContext: initialization completed in 4437 ms
2020-08-20 10:59:59.183  INFO 22620 --- [main] com.zaxxer.hikari.HikariDataSource       : HikariPool-1 - Starting...
2020-08-20 10:59:59.570  INFO 22620 --- [main] com.zaxxer.hikari.HikariDataSource       : HikariPool-1 - Start completed.
2020-08-20 11:00:01.419  INFO 22620 --- [main] j.LocalContainerEntityManagerFactoryBean : Initialized JPA EntityManagerFactory for persistence unit 'default'
2020-08-20 11:00:02.387  WARN 22620 --- [main] aWebConfiguration$JpaWebMvcConfiguration : spring.jpa.open-in-view is enabled by default. Therefore, database queries may be performed during view rendering. Explicitly configure spring.jpa.open-in-view to disable this warning
2020-08-20 11:00:02.500  INFO 22620 --- [main] o.s.s.web.DefaultSecurityFilterChain     : Creating filter chain: any request, [org.springframework.security.web.context.request.async.WebAsyncManagerIntegrationFilter@35cf91df, org.springframework.security.web.context.SecurityContextPersistenceFilter@4fc256ec, org.springframework.security.web.header.HeaderWriterFilter@2b540131, org.springframework.web.filter.CorsFilter@55a66bbf, org.springframework.security.web.authentication.logout.LogoutFilter@7526bb18, com.example.demo.security.JwtAuthenticationFilter@7f02b2d4, com.example.demo.security.JwtAuthorizationFilter@780dbed7, org.springframework.security.web.savedrequest.RequestCacheAwareFilter@78bce1c4, org.springframework.security.web.servletapi.SecurityContextHolderAwareRequestFilter@14d53884, org.springframework.security.web.authentication.AnonymousAuthenticationFilter@31859960, org.springframework.security.web.session.SessionManagementFilter@4c91f5bf, org.springframework.security.web.access.ExceptionTranslationFilter@26291192, org.springframework.security.web.access.intercept.FilterSecurityInterceptor@393bcd6b]
2020-08-20 11:00:02.699  INFO 22620 --- [main] o.s.s.concurrent.ThreadPoolTaskExecutor  : Initializing ExecutorService 'applicationTaskExecutor'
2020-08-20 11:00:03.044  INFO 22620 --- [main] o.s.b.w.embedded.tomcat.TomcatWebServer  : Tomcat started on port(s): 8085 (http) with context path ''
2020-08-20 11:00:03.047  INFO 22620 --- [main] com.example.demo.SareetaApplication      : Started SareetaApplication in 9.895 seconds (JVM running for 11.098)
2020-08-20 11:01:16.087  INFO 10220 --- [main] com.example.demo.SareetaApplication      : Starting SareetaApplication on DESKTOP-3DLRV2K with PID 10220 (started by Arnald in C:\Users\Arnald\Desktop\ARNALD\KNOWLEDGE\PROJECTE MASTER\Udacity\Java Web Developer Nanodegree Program\COURSE_4\P04-eCommerce Application\starter_code)
2020-08-20 11:01:16.092  INFO 10220 --- [main] com.example.demo.SareetaApplication      : No active profile set, falling back to default profiles: default
2020-08-20 11:01:17.305  INFO 10220 --- [main] .s.d.r.c.RepositoryConfigurationDelegate : Bootstrapping Spring Data repositories in DEFAULT mode.
2020-08-20 11:01:17.423  INFO 10220 --- [main] .s.d.r.c.RepositoryConfigurationDelegate : Finished Spring Data repository scanning in 106ms. Found 4 repository interfaces.
2020-08-20 11:01:18.202  INFO 10220 --- [main] trationDelegate$BeanPostProcessorChecker : Bean 'org.springframework.transaction.annotation.ProxyTransactionManagementConfiguration' of type [org.springframework.transaction.annotation.ProxyTransactionManagementConfiguration$$EnhancerBySpringCGLIB$$87e2c230] is not eligible for getting processed by all BeanPostProcessors (for example: not eligible for auto-proxying)
2020-08-20 11:01:18.245  INFO 10220 --- [main] trationDelegate$BeanPostProcessorChecker : Bean 'org.springframework.security.config.annotation.configuration.ObjectPostProcessorConfiguration' of type [org.springframework.security.config.annotation.configuration.ObjectPostProcessorConfiguration$$EnhancerBySpringCGLIB$$20908a6a] is not eligible for getting processed by all BeanPostProcessors (for example: not eligible for auto-proxying)
2020-08-20 11:01:18.254  INFO 10220 --- [main] trationDelegate$BeanPostProcessorChecker : Bean 'objectPostProcessor' of type [org.springframework.security.config.annotation.configuration.AutowireBeanFactoryObjectPostProcessor] is not eligible for getting processed by all BeanPostProcessors (for example: not eligible for auto-proxying)
2020-08-20 11:01:18.257  INFO 10220 --- [main] trationDelegate$BeanPostProcessorChecker : Bean 'org.springframework.security.access.expression.method.DefaultMethodSecurityExpressionHandler@7baf6acf' of type [org.springframework.security.access.expression.method.DefaultMethodSecurityExpressionHandler] is not eligible for getting processed by all BeanPostProcessors (for example: not eligible for auto-proxying)
2020-08-20 11:01:18.260  INFO 10220 --- [main] trationDelegate$BeanPostProcessorChecker : Bean 'org.springframework.security.config.annotation.method.configuration.GlobalMethodSecurityConfiguration' of type [org.springframework.security.config.annotation.method.configuration.GlobalMethodSecurityConfiguration$$EnhancerBySpringCGLIB$$45652d1c] is not eligible for getting processed by all BeanPostProcessors (for example: not eligible for auto-proxying)
2020-08-20 11:01:18.265  INFO 10220 --- [main] trationDelegate$BeanPostProcessorChecker : Bean 'methodSecurityMetadataSource' of type [org.springframework.security.access.method.DelegatingMethodSecurityMetadataSource] is not eligible for getting processed by all BeanPostProcessors (for example: not eligible for auto-proxying)
2020-08-20 11:01:18.721  INFO 10220 --- [main] o.s.b.w.embedded.tomcat.TomcatWebServer  : Tomcat initialized with port(s): 8080 (http)
2020-08-20 11:01:18.765  INFO 10220 --- [main] o.apache.catalina.core.StandardService   : Starting service [Tomcat]
2020-08-20 11:01:18.766  INFO 10220 --- [main] org.apache.catalina.core.StandardEngine  : Starting Servlet engine: [Apache Tomcat/9.0.19]
2020-08-20 11:01:18.964  INFO 10220 --- [main] o.a.c.c.C.[Tomcat].[localhost].[/]       : Initializing Spring embedded WebApplicationContext
2020-08-20 11:01:18.964  INFO 10220 --- [main] o.s.web.context.ContextLoader            : Root WebApplicationContext: initialization completed in 2772 ms
2020-08-20 11:01:19.235  INFO 10220 --- [main] com.zaxxer.hikari.HikariDataSource       : HikariPool-1 - Starting...
2020-08-20 11:01:19.480  INFO 10220 --- [main] com.zaxxer.hikari.HikariDataSource       : HikariPool-1 - Start completed.
2020-08-20 11:01:21.056  INFO 10220 --- [main] j.LocalContainerEntityManagerFactoryBean : Initialized JPA EntityManagerFactory for persistence unit 'default'
2020-08-20 11:01:21.848  WARN 10220 --- [main] aWebConfiguration$JpaWebMvcConfiguration : spring.jpa.open-in-view is enabled by default. Therefore, database queries may be performed during view rendering. Explicitly configure spring.jpa.open-in-view to disable this warning
2020-08-20 11:01:21.938  INFO 10220 --- [main] o.s.s.web.DefaultSecurityFilterChain     : Creating filter chain: any request, [org.springframework.security.web.context.request.async.WebAsyncManagerIntegrationFilter@4da9da6c, org.springframework.security.web.context.SecurityContextPersistenceFilter@34626d4, org.springframework.security.web.header.HeaderWriterFilter@5868ea91, org.springframework.web.filter.CorsFilter@66048c9e, org.springframework.security.web.authentication.logout.LogoutFilter@6074d638, com.example.demo.security.JwtAuthenticationFilter@543ba2e1, com.example.demo.security.JwtAuthorizationFilter@71458178, org.springframework.security.web.savedrequest.RequestCacheAwareFilter@6afaf27, org.springframework.security.web.servletapi.SecurityContextHolderAwareRequestFilter@2d34866a, org.springframework.security.web.authentication.AnonymousAuthenticationFilter@723c5f86, org.springframework.security.web.session.SessionManagementFilter@476a970c, org.springframework.security.web.access.ExceptionTranslationFilter@7ac90dab, org.springframework.security.web.access.intercept.FilterSecurityInterceptor@56d742ad]
2020-08-20 11:01:22.122  INFO 10220 --- [main] o.s.s.concurrent.ThreadPoolTaskExecutor  : Initializing ExecutorService 'applicationTaskExecutor'
2020-08-20 11:01:22.398  INFO 10220 --- [main] o.s.b.w.embedded.tomcat.TomcatWebServer  : Tomcat started on port(s): 8080 (http) with context path ''
2020-08-20 11:01:22.401  INFO 10220 --- [main] com.example.demo.SareetaApplication      : Started SareetaApplication in 6.844 seconds (JVM running for 7.388)
2020-08-20 12:46:57.563  INFO 22508 --- [main] com.example.demo.SareetaApplication      : Starting SareetaApplication on DESKTOP-3DLRV2K with PID 22508 (started by Arnald in C:\Users\Arnald\Desktop\ARNALD\KNOWLEDGE\PROJECTE MASTER\Udacity\Java Web Developer Nanodegree Program\COURSE_4\P04-eCommerce Application\starter_code)
2020-08-20 12:46:57.567  INFO 22508 --- [main] com.example.demo.SareetaApplication      : No active profile set, falling back to default profiles: default
2020-08-20 12:46:58.708  INFO 22508 --- [main] .s.d.r.c.RepositoryConfigurationDelegate : Bootstrapping Spring Data repositories in DEFAULT mode.
2020-08-20 12:46:58.843  INFO 22508 --- [main] .s.d.r.c.RepositoryConfigurationDelegate : Finished Spring Data repository scanning in 119ms. Found 4 repository interfaces.
2020-08-20 12:46:59.616  INFO 22508 --- [main] trationDelegate$BeanPostProcessorChecker : Bean 'org.springframework.transaction.annotation.ProxyTransactionManagementConfiguration' of type [org.springframework.transaction.annotation.ProxyTransactionManagementConfiguration$$EnhancerBySpringCGLIB$$cfb02961] is not eligible for getting processed by all BeanPostProcessors (for example: not eligible for auto-proxying)
2020-08-20 12:46:59.705  INFO 22508 --- [main] trationDelegate$BeanPostProcessorChecker : Bean 'org.springframework.security.config.annotation.configuration.ObjectPostProcessorConfiguration' of type [org.springframework.security.config.annotation.configuration.ObjectPostProcessorConfiguration$$EnhancerBySpringCGLIB$$685df19b] is not eligible for getting processed by all BeanPostProcessors (for example: not eligible for auto-proxying)
2020-08-20 12:46:59.721  INFO 22508 --- [main] trationDelegate$BeanPostProcessorChecker : Bean 'objectPostProcessor' of type [org.springframework.security.config.annotation.configuration.AutowireBeanFactoryObjectPostProcessor] is not eligible for getting processed by all BeanPostProcessors (for example: not eligible for auto-proxying)
2020-08-20 12:46:59.725  INFO 22508 --- [main] trationDelegate$BeanPostProcessorChecker : Bean 'org.springframework.security.access.expression.method.DefaultMethodSecurityExpressionHandler@68ab0936' of type [org.springframework.security.access.expression.method.DefaultMethodSecurityExpressionHandler] is not eligible for getting processed by all BeanPostProcessors (for example: not eligible for auto-proxying)
2020-08-20 12:46:59.731  INFO 22508 --- [main] trationDelegate$BeanPostProcessorChecker : Bean 'org.springframework.security.config.annotation.method.configuration.GlobalMethodSecurityConfiguration' of type [org.springframework.security.config.annotation.method.configuration.GlobalMethodSecurityConfiguration$$EnhancerBySpringCGLIB$$8d32944d] is not eligible for getting processed by all BeanPostProcessors (for example: not eligible for auto-proxying)
2020-08-20 12:46:59.741  INFO 22508 --- [main] trationDelegate$BeanPostProcessorChecker : Bean 'methodSecurityMetadataSource' of type [org.springframework.security.access.method.DelegatingMethodSecurityMetadataSource] is not eligible for getting processed by all BeanPostProcessors (for example: not eligible for auto-proxying)
2020-08-20 12:47:00.894  INFO 22508 --- [main] o.s.b.w.embedded.tomcat.TomcatWebServer  : Tomcat initialized with port(s): 8080 (http)
2020-08-20 12:47:00.970  INFO 22508 --- [main] o.apache.catalina.core.StandardService   : Starting service [Tomcat]
2020-08-20 12:47:00.972  INFO 22508 --- [main] org.apache.catalina.core.StandardEngine  : Starting Servlet engine: [Apache Tomcat/9.0.19]
2020-08-20 12:47:01.347  INFO 22508 --- [main] o.a.c.c.C.[Tomcat].[localhost].[/]       : Initializing Spring embedded WebApplicationContext
2020-08-20 12:47:01.347  INFO 22508 --- [main] o.s.web.context.ContextLoader            : Root WebApplicationContext: initialization completed in 3688 ms
2020-08-20 12:47:01.885  INFO 22508 --- [main] com.zaxxer.hikari.HikariDataSource       : HikariPool-1 - Starting...
2020-08-20 12:47:02.286  INFO 22508 --- [main] com.zaxxer.hikari.HikariDataSource       : HikariPool-1 - Start completed.
2020-08-20 12:47:04.821  INFO 22508 --- [main] j.LocalContainerEntityManagerFactoryBean : Initialized JPA EntityManagerFactory for persistence unit 'default'
2020-08-20 12:47:06.242  WARN 22508 --- [main] aWebConfiguration$JpaWebMvcConfiguration : spring.jpa.open-in-view is enabled by default. Therefore, database queries may be performed during view rendering. Explicitly configure spring.jpa.open-in-view to disable this warning
2020-08-20 12:47:06.503  INFO 22508 --- [main] o.s.s.web.DefaultSecurityFilterChain     : Creating filter chain: any request, [org.springframework.security.web.context.request.async.WebAsyncManagerIntegrationFilter@5f2ad3d5, org.springframework.security.web.context.SecurityContextPersistenceFilter@3741071d, org.springframework.security.web.header.HeaderWriterFilter@40416321, org.springframework.web.filter.CorsFilter@703eead0, org.springframework.security.web.authentication.logout.LogoutFilter@39fc17be, com.example.demo.security.JwtAuthenticationFilter@674fd531, com.example.demo.security.JwtAuthorizationFilter@7f53b345, org.springframework.security.web.savedrequest.RequestCacheAwareFilter@7af0693b, org.springframework.security.web.servletapi.SecurityContextHolderAwareRequestFilter@7d216ee8, org.springframework.security.web.authentication.AnonymousAuthenticationFilter@76ee7301, org.springframework.security.web.session.SessionManagementFilter@289cf7db, org.springframework.security.web.access.ExceptionTranslationFilter@435a2c7d, org.springframework.security.web.access.intercept.FilterSecurityInterceptor@7df23848]
2020-08-20 12:47:06.885  INFO 22508 --- [main] o.s.s.concurrent.ThreadPoolTaskExecutor  : Initializing ExecutorService 'applicationTaskExecutor'
2020-08-20 12:47:07.631  INFO 22508 --- [main] o.s.b.w.embedded.tomcat.TomcatWebServer  : Tomcat started on port(s): 8080 (http) with context path ''
2020-08-20 12:47:07.636  INFO 22508 --- [main] com.example.demo.SareetaApplication      : Started SareetaApplication in 11.39 seconds (JVM running for 14.063)
2020-08-20 12:47:29.347  INFO 22508 --- [http-nio-8080-exec-6] o.a.c.c.C.[Tomcat].[localhost].[/]       : Initializing Spring DispatcherServlet 'dispatcherServlet'
2020-08-20 12:47:29.348  INFO 22508 --- [http-nio-8080-exec-6] o.s.web.servlet.DispatcherServlet        : Initializing Servlet 'dispatcherServlet'
2020-08-20 12:47:29.360  INFO 22508 --- [http-nio-8080-exec-6] o.s.web.servlet.DispatcherServlet        : Completed initialization in 11 ms
